/home/jake/Desktop/Uni/Bolsa/gto-wasm-app/gto/src/temp_fastq_quality_score_info.c:21:12: warning: variable 'nScores' set but not used [-Wunused-but-set-variable]
   21 |   uint64_t nScores = 0, *QS = (uint64_t *) Calloc(65536, sizeof(uint64_t)),
      |            ^
1 warning generated.
/home/jake/Desktop/Uni/Bolsa/gto-wasm-app/gto/src/temp_fastq_quality_score_info.c:21:12: warning: variable 'nScores' set but not used [-Wunused-but-set-variable]
   21 |   uint64_t nScores = 0, *QS = (uint64_t *) Calloc(65536, sizeof(uint64_t)),
      |            ^
1 warning generated.
/home/jake/Desktop/Uni/Bolsa/gto-wasm-app/gto/src/temp_fastq_quality_score_info.c:21:12: warning: variable 'nScores' set but not used [-Wunused-but-set-variable]
   21 |   uint64_t nScores = 0, *QS = (uint64_t *) Calloc(65536, sizeof(uint64_t)),
      |            ^
1 warning generated.
/home/jake/Desktop/Uni/Bolsa/gto-wasm-app/gto/src/temp_fastq_quality_score_info.c:21:12: warning: variable 'nScores' set but not used [-Wunused-but-set-variable]
   21 |   uint64_t nScores = 0, *QS = (uint64_t *) Calloc(65536, sizeof(uint64_t)),
      |            ^
1 warning generated.
/home/jake/Desktop/Uni/Bolsa/gto-wasm-app/gto/src/temp_fastq_quality_score_info.c:21:12: warning: variable 'nScores' set but not used [-Wunused-but-set-variable]
   21 |   uint64_t nScores = 0, *QS = (uint64_t *) Calloc(65536, sizeof(uint64_t)),
      |            ^
1 warning generated.
/home/jake/Desktop/Uni/Bolsa/gto-wasm-app/gto/src/temp_fastq_quality_score_info.c:21:12: warning: variable 'nScores' set but not used [-Wunused-but-set-variable]
   21 |   uint64_t nScores = 0, *QS = (uint64_t *) Calloc(65536, sizeof(uint64_t)),
      |            ^
1 warning generated.
/home/jake/Desktop/Uni/Bolsa/gto-wasm-app/gto/src/temp_fastq_quality_score_info.c:21:12: warning: variable 'nScores' set but not used [-Wunused-but-set-variable]
   21 |   uint64_t nScores = 0, *QS = (uint64_t *) Calloc(65536, sizeof(uint64_t)),
      |            ^
1 warning generated.
/home/jake/Desktop/Uni/Bolsa/gto-wasm-app/gto/src/temp_fastq_quality_score_info.c:21:12: warning: variable 'nScores' set but not used [-Wunused-but-set-variable]
   21 |   uint64_t nScores = 0, *QS = (uint64_t *) Calloc(65536, sizeof(uint64_t)),
      |            ^
1 warning generated.
/home/jake/Desktop/Uni/Bolsa/gto-wasm-app/gto/src/temp_fastq_quality_score_info.c:21:12: warning: variable 'nScores' set but not used [-Wunused-but-set-variable]
   21 |   uint64_t nScores = 0, *QS = (uint64_t *) Calloc(65536, sizeof(uint64_t)),
      |            ^
1 warning generated.
/home/jake/Desktop/Uni/Bolsa/gto-wasm-app/gto/src/temp_fastq_quality_score_info.c:21:12: warning: variable 'nScores' set but not used [-Wunused-but-set-variable]
   21 |   uint64_t nScores = 0, *QS = (uint64_t *) Calloc(65536, sizeof(uint64_t)),
      |            ^
1 warning generated.
/home/jake/Desktop/Uni/Bolsa/gto-wasm-app/gto/src/temp_fastq_quality_score_info.c:21:12: warning: variable 'nScores' set but not used [-Wunused-but-set-variable]
   21 |   uint64_t nScores = 0, *QS = (uint64_t *) Calloc(65536, sizeof(uint64_t)),
      |            ^
1 warning generated.
/home/jake/Desktop/Uni/Bolsa/gto-wasm-app/gto/src/temp_fastq_quality_score_info.c:21:12: warning: variable 'nScores' set but not used [-Wunused-but-set-variable]
   21 |   uint64_t nScores = 0, *QS = (uint64_t *) Calloc(65536, sizeof(uint64_t)),
      |            ^
1 warning generated.
emcc: error: /home/jake/Desktop/Uni/Bolsa/gto-wasm-app/gto/src/main_wrapper.c: No such file or directory ("/home/jake/Desktop/Uni/Bolsa/gto-wasm-app/gto/src/main_wrapper.c" was expected to be an input file, based on the commandline arguments provided)
/home/jake/Desktop/Uni/Bolsa/gto-wasm-app/gto/src/temp_fastq_quality_score_info.c:21:12: warning: variable 'nScores' set but not used [-Wunused-but-set-variable]
   21 |   uint64_t nScores = 0, *QS = (uint64_t *) Calloc(65536, sizeof(uint64_t)),
      |            ^
1 warning generated.
/home/jake/Desktop/Uni/Bolsa/gto-wasm-app/gto/src/main_wrapper.c:6:5: error: second parameter of 'main' (argument array) must be of type 'char **'
    6 | int main(int argc, char argv) {
      |     ^
1 error generated.
emcc: error: '/home/jake/Desktop/Uni/Bolsa/emsdk/upstream/bin/clang -target wasm32-unknown-emscripten -fignore-exceptions -mllvm -combiner-global-alias-analysis=false -mllvm -enable-emscripten-sjlj -mllvm -disable-lsr --sysroot=/home/jake/Desktop/Uni/Bolsa/emsdk/upstream/emscripten/cache/sysroot -DEMSCRIPTEN -Werror=implicit-function-declaration -Xclang -iwithsysroot/include/fakesdl -Xclang -iwithsysroot/include/compat -O3 -Wall -ffast-math -DPROGRESS -DLINUX -I/home/jake/Desktop/Uni/Bolsa/gto-wasm-app/gto/src /home/jake/Desktop/Uni/Bolsa/gto-wasm-app/gto/src/main_wrapper.c -c -o /tmp/emscripten_temp_q0_9g5rm/main_wrapper_1.o' failed (returned 1)
/home/jake/Desktop/Uni/Bolsa/gto-wasm-app/gto/src/temp_fastq_quality_score_info.c:21:12: warning: variable 'nScores' set but not used [-Wunused-but-set-variable]
   21 |   uint64_t nScores = 0, *QS = (uint64_t *) Calloc(65536, sizeof(uint64_t)),
      |            ^
1 warning generated.
/home/jake/Desktop/Uni/Bolsa/gto-wasm-app/gto/src/temp_fastq_quality_score_info.c:21:12: warning: variable 'nScores' set but not used [-Wunused-but-set-variable]
   21 |   uint64_t nScores = 0, *QS = (uint64_t *) Calloc(65536, sizeof(uint64_t)),
      |            ^
1 warning generated.
/home/jake/Desktop/Uni/Bolsa/gto-wasm-app/gto/src/temp_fastq_quality_score_info.c:21:12: warning: variable 'nScores' set but not used [-Wunused-but-set-variable]
   21 |   uint64_t nScores = 0, *QS = (uint64_t *) Calloc(65536, sizeof(uint64_t)),
      |            ^
1 warning generated.
/home/jake/Desktop/Uni/Bolsa/gto-wasm-app/gto/src/temp_fastq_quality_score_info.c:21:12: warning: variable 'nScores' set but not used [-Wunused-but-set-variable]
   21 |   uint64_t nScores = 0, *QS = (uint64_t *) Calloc(65536, sizeof(uint64_t)),
      |            ^
1 warning generated.
/home/jake/Desktop/Uni/Bolsa/gto-wasm-app/gto/src/temp_fastq_quality_score_info.c:21:12: warning: variable 'nScores' set but not used [-Wunused-but-set-variable]
   21 |   uint64_t nScores = 0, *QS = (uint64_t *) Calloc(65536, sizeof(uint64_t)),
      |            ^
1 warning generated.
/home/jake/Desktop/Uni/Bolsa/gto-wasm-app/gto/src/temp_fastq_quality_score_info.c:21:12: warning: variable 'nScores' set but not used [-Wunused-but-set-variable]
   21 |   uint64_t nScores = 0, *QS = (uint64_t *) Calloc(65536, sizeof(uint64_t)),
      |            ^
1 warning generated.
/home/jake/Desktop/Uni/Bolsa/gto-wasm-app/gto/src/temp_fastq_quality_score_info.c:21:12: warning: variable 'nScores' set but not used [-Wunused-but-set-variable]
   21 |   uint64_t nScores = 0, *QS = (uint64_t *) Calloc(65536, sizeof(uint64_t)),
      |            ^
1 warning generated.
/home/jake/Desktop/Uni/Bolsa/gto-wasm-app/gto/src/temp_fastq_quality_score_info.c:21:12: warning: variable 'nScores' set but not used [-Wunused-but-set-variable]
   21 |   uint64_t nScores = 0, *QS = (uint64_t *) Calloc(65536, sizeof(uint64_t)),
      |            ^
1 warning generated.
/home/jake/Desktop/Uni/Bolsa/gto-wasm-app/gto/src/temp_fastq_quality_score_info.c:21:12: warning: variable 'nScores' set but not used [-Wunused-but-set-variable]
   21 |   uint64_t nScores = 0, *QS = (uint64_t *) Calloc(65536, sizeof(uint64_t)),
      |            ^
1 warning generated.
/home/jake/Desktop/Uni/Bolsa/gto-wasm-app/gto/src/temp_fastq_quality_score_info.c:21:12: warning: variable 'nScores' set but not used [-Wunused-but-set-variable]
   21 |   uint64_t nScores = 0, *QS = (uint64_t *) Calloc(65536, sizeof(uint64_t)),
      |            ^
1 warning generated.
cache:INFO: generating system asset: symbol_lists/93b9f20082ce9afc211a7ef8d4cc4c59fed01039.json... (this will be cached in "/home/jake/Desktop/Uni/Bolsa/emsdk/upstream/emscripten/cache/symbol_lists/93b9f20082ce9afc211a7ef8d4cc4c59fed01039.json" for subsequent builds)
cache:INFO:  - ok
/home/jake/Desktop/Uni/Bolsa/gto-wasm-app/gto/src/temp_fastq_quality_score_info.c:21:12: warning: variable 'nScores' set but not used [-Wunused-but-set-variable]
   21 |   uint64_t nScores = 0, *QS = (uint64_t *) Calloc(65536, sizeof(uint64_t)),
      |            ^
1 warning generated.
cache:INFO: generating system asset: symbol_lists/d05b0f35f726b50c72d8583764bcffd599ccacd0.json... (this will be cached in "/home/jake/Desktop/Uni/Bolsa/emsdk/upstream/emscripten/cache/symbol_lists/d05b0f35f726b50c72d8583764bcffd599ccacd0.json" for subsequent builds)
cache:INFO:  - ok
/home/jake/Desktop/Uni/Bolsa/gto-wasm-app/gto/src/temp_fastq_quality_score_info.c:21:12: warning: variable 'nScores' set but not used [-Wunused-but-set-variable]
   21 |   uint64_t nScores = 0, *QS = (uint64_t *) Calloc(65536, sizeof(uint64_t)),
      |            ^
1 warning generated.
/home/jake/Desktop/Uni/Bolsa/gto-wasm-app/gto/src/temp_fastq_quality_score_info.c:21:12: warning: variable 'nScores' set but not used [-Wunused-but-set-variable]
   21 |   uint64_t nScores = 0, *QS = (uint64_t *) Calloc(65536, sizeof(uint64_t)),
      |            ^
1 warning generated.
/home/jake/Desktop/Uni/Bolsa/gto-wasm-app/gto/src/temp_fastq_quality_score_info.c:21:12: warning: variable 'nScores' set but not used [-Wunused-but-set-variable]
   21 |   uint64_t nScores = 0, *QS = (uint64_t *) Calloc(65536, sizeof(uint64_t)),
      |            ^
1 warning generated.
/home/jake/Desktop/Uni/Bolsa/gto-wasm-app/gto/src/temp_fastq_quality_score_info.c:21:12: warning: variable 'nScores' set but not used [-Wunused-but-set-variable]
   21 |   uint64_t nScores = 0, *QS = (uint64_t *) Calloc(65536, sizeof(uint64_t)),
      |            ^
1 warning generated.
/home/jake/Desktop/Uni/Bolsa/gto-wasm-app/gto/src/temp_fastq_quality_score_info.c:21:12: warning: variable 'nScores' set but not used [-Wunused-but-set-variable]
   21 |   uint64_t nScores = 0, *QS = (uint64_t *) Calloc(65536, sizeof(uint64_t)),
      |            ^
1 warning generated.
/home/jake/Desktop/Uni/Bolsa/gto-wasm-app/gto/src/temp_fastq_quality_score_info.c:21:12: warning: variable 'nScores' set but not used [-Wunused-but-set-variable]
   21 |   uint64_t nScores = 0, *QS = (uint64_t *) Calloc(65536, sizeof(uint64_t)),
      |            ^
1 warning generated.
/home/jake/Desktop/Uni/Bolsa/gto-wasm-app/gto/src/temp_fastq_quality_score_info.c:21:12: warning: variable 'nScores' set but not used [-Wunused-but-set-variable]
   21 |   uint64_t nScores = 0, *QS = (uint64_t *) Calloc(65536, sizeof(uint64_t)),
      |            ^
1 warning generated.
cache:INFO: generating system asset: symbol_lists/bb56f53ab45c4acdbfe6e3215da4b64cb6762b7b.json... (this will be cached in "/home/jake/Desktop/Uni/Bolsa/emsdk/upstream/emscripten/cache/symbol_lists/bb56f53ab45c4acdbfe6e3215da4b64cb6762b7b.json" for subsequent builds)
cache:INFO:  - ok
/home/jake/Desktop/Uni/Bolsa/gto-wasm-app/gto/src/temp_fastq_quality_score_info.c:21:12: warning: variable 'nScores' set but not used [-Wunused-but-set-variable]
   21 |   uint64_t nScores = 0, *QS = (uint64_t *) Calloc(65536, sizeof(uint64_t)),
      |            ^
1 warning generated.
/home/jake/Desktop/Uni/Bolsa/gto-wasm-app/gto/src/temp_fastq_quality_score_info.c:21:12: warning: variable 'nScores' set but not used [-Wunused-but-set-variable]
   21 |   uint64_t nScores = 0, *QS = (uint64_t *) Calloc(65536, sizeof(uint64_t)),
      |            ^
1 warning generated.
/home/jake/Desktop/Uni/Bolsa/gto-wasm-app/gto/src/temp_fastq_quality_score_info.c:21:12: warning: variable 'nScores' set but not used [-Wunused-but-set-variable]
   21 |   uint64_t nScores = 0, *QS = (uint64_t *) Calloc(65536, sizeof(uint64_t)),
      |            ^
1 warning generated.
/home/jake/Desktop/Uni/Bolsa/gto-wasm-app/gto/src/temp_fastq_quality_score_info.c:21:12: warning: variable 'nScores' set but not used [-Wunused-but-set-variable]
   21 |   uint64_t nScores = 0, *QS = (uint64_t *) Calloc(65536, sizeof(uint64_t)),
      |            ^
1 warning generated.
/home/jake/Desktop/Uni/Bolsa/gto-wasm-app/gto/src/temp_fastq_quality_score_info.c:21:12: warning: variable 'nScores' set but not used [-Wunused-but-set-variable]
   21 |   uint64_t nScores = 0, *QS = (uint64_t *) Calloc(65536, sizeof(uint64_t)),
      |            ^
1 warning generated.
/home/jake/Desktop/Uni/Bolsa/gto-wasm-app/gto/src/temp_fastq_quality_score_info.c:21:12: warning: variable 'nScores' set but not used [-Wunused-but-set-variable]
   21 |   uint64_t nScores = 0, *QS = (uint64_t *) Calloc(65536, sizeof(uint64_t)),
      |            ^
1 warning generated.
/home/jake/Desktop/Uni/Bolsa/gto-wasm-app/gto/src/temp_fastq_quality_score_info.c:21:12: warning: variable 'nScores' set but not used [-Wunused-but-set-variable]
   21 |   uint64_t nScores = 0, *QS = (uint64_t *) Calloc(65536, sizeof(uint64_t)),
      |            ^
1 warning generated.
/home/jake/Desktop/Uni/Bolsa/gto-wasm-app/gto/src/temp_fastq_quality_score_info.c:21:12: warning: variable 'nScores' set but not used [-Wunused-but-set-variable]
   21 |   uint64_t nScores = 0, *QS = (uint64_t *) Calloc(65536, sizeof(uint64_t)),
      |            ^
1 warning generated.
/home/jake/Desktop/Uni/Bolsa/gto-wasm-app/gto/src/temp_fastq_quality_score_info.c:21:12: warning: variable 'nScores' set but not used [-Wunused-but-set-variable]
   21 |   uint64_t nScores = 0, *QS = (uint64_t *) Calloc(65536, sizeof(uint64_t)),
      |            ^
1 warning generated.
/home/jake/Desktop/Uni/Bolsa/gto-wasm-app/gto/src/temp_fastq_quality_score_info.c:21:12: warning: variable 'nScores' set but not used [-Wunused-but-set-variable]
   21 |   uint64_t nScores = 0, *QS = (uint64_t *) Calloc(65536, sizeof(uint64_t)),
      |            ^
1 warning generated.
/home/jake/Desktop/Uni/Bolsa/gto-wasm-app/gto/src/temp_fastq_quality_score_info.c:21:12: warning: variable 'nScores' set but not used [-Wunused-but-set-variable]
   21 |   uint64_t nScores = 0, *QS = (uint64_t *) Calloc(65536, sizeof(uint64_t)),
      |            ^
1 warning generated.
/home/jake/Desktop/Uni/Bolsa/gto-wasm-app/gto/src/temp_fastq_quality_score_info.c:21:12: warning: variable 'nScores' set but not used [-Wunused-but-set-variable]
   21 |   uint64_t nScores = 0, *QS = (uint64_t *) Calloc(65536, sizeof(uint64_t)),
      |            ^
1 warning generated.
/home/jake/Desktop/Uni/Bolsa/gto-wasm-app/gto/src/temp_fastq_quality_score_info.c:21:12: warning: variable 'nScores' set but not used [-Wunused-but-set-variable]
   21 |   uint64_t nScores = 0, *QS = (uint64_t *) Calloc(65536, sizeof(uint64_t)),
      |            ^
1 warning generated.
/home/jake/Desktop/Uni/Bolsa/gto-wasm-app/gto/src/temp_fastq_quality_score_info.c:21:12: warning: variable 'nScores' set but not used [-Wunused-but-set-variable]
   21 |   uint64_t nScores = 0, *QS = (uint64_t *) Calloc(65536, sizeof(uint64_t)),
      |            ^
1 warning generated.
/home/jake/Desktop/Uni/Bolsa/gto-wasm-app/gto/src/temp_fastq_quality_score_info.c:21:12: warning: variable 'nScores' set but not used [-Wunused-but-set-variable]
   21 |   uint64_t nScores = 0, *QS = (uint64_t *) Calloc(65536, sizeof(uint64_t)),
      |            ^
1 warning generated.
/home/jake/Desktop/Uni/Bolsa/gto-wasm-app/gto/src/temp_fastq_quality_score_info.c:21:12: warning: variable 'nScores' set but not used [-Wunused-but-set-variable]
   21 |   uint64_t nScores = 0, *QS = (uint64_t *) Calloc(65536, sizeof(uint64_t)),
      |            ^
1 warning generated.
/home/jake/Desktop/Uni/Bolsa/gto-wasm-app/gto/src/temp_fastq_quality_score_info.c:21:12: warning: variable 'nScores' set but not used [-Wunused-but-set-variable]
   21 |   uint64_t nScores = 0, *QS = (uint64_t *) Calloc(65536, sizeof(uint64_t)),
      |            ^
1 warning generated.
/home/jake/Desktop/Uni/Bolsa/gto-wasm-app/gto/src/temp_fastq_quality_score_info.c:21:12: warning: variable 'nScores' set but not used [-Wunused-but-set-variable]
   21 |   uint64_t nScores = 0, *QS = (uint64_t *) Calloc(65536, sizeof(uint64_t)),
      |            ^
1 warning generated.
/home/jake/Desktop/Uni/Bolsa/gto-wasm-app/gto/src/temp_fastq_quality_score_info.c:21:12: warning: variable 'nScores' set but not used [-Wunused-but-set-variable]
   21 |   uint64_t nScores = 0, *QS = (uint64_t *) Calloc(65536, sizeof(uint64_t)),
      |            ^
1 warning generated.
/home/jake/Desktop/Uni/Bolsa/gto-wasm-app/gto/src/temp_fastq_quality_score_info.c:21:12: warning: variable 'nScores' set but not used [-Wunused-but-set-variable]
   21 |   uint64_t nScores = 0, *QS = (uint64_t *) Calloc(65536, sizeof(uint64_t)),
      |            ^
1 warning generated.
/home/jake/Desktop/Uni/Bolsa/gto-wasm-app/gto/src/temp_fastq_quality_score_info.c:21:12: warning: variable 'nScores' set but not used [-Wunused-but-set-variable]
   21 |   uint64_t nScores = 0, *QS = (uint64_t *) Calloc(65536, sizeof(uint64_t)),
      |            ^
1 warning generated.
/home/jake/Desktop/Uni/Bolsa/gto-wasm-app/gto/src/temp_fastq_quality_score_info.c:21:12: warning: variable 'nScores' set but not used [-Wunused-but-set-variable]
   21 |   uint64_t nScores = 0, *QS = (uint64_t *) Calloc(65536, sizeof(uint64_t)),
      |            ^
1 warning generated.
/home/jake/Desktop/Uni/Bolsa/gto-wasm-app/gto/src/temp_fastq_quality_score_info.c:21:12: warning: variable 'nScores' set but not used [-Wunused-but-set-variable]
   21 |   uint64_t nScores = 0, *QS = (uint64_t *) Calloc(65536, sizeof(uint64_t)),
      |            ^
1 warning generated.
/home/jake/Desktop/Uni/Bolsa/gto-wasm-app/gto/src/temp_fastq_quality_score_info.c:21:12: warning: variable 'nScores' set but not used [-Wunused-but-set-variable]
   21 |   uint64_t nScores = 0, *QS = (uint64_t *) Calloc(65536, sizeof(uint64_t)),
      |            ^
1 warning generated.
