/home/jake/Desktop/Uni/Bolsa/gto-wasm-app/gto/src/temp_fasta_rand_extra_chars.c:29:12: warning: unused variable 'value' [-Wunused-variable]
   29 |   uint8_t  value, line = 0, position = 1;
      |            ^~~~~
/home/jake/Desktop/Uni/Bolsa/gto-wasm-app/gto/src/temp_fasta_rand_extra_chars.c:29:19: warning: unused variable 'line' [-Wunused-variable]
   29 |   uint8_t  value, line = 0, position = 1;
      |                   ^~~~
/home/jake/Desktop/Uni/Bolsa/gto-wasm-app/gto/src/temp_fasta_rand_extra_chars.c:29:29: warning: unused variable 'position' [-Wunused-variable]
   29 |   uint8_t  value, line = 0, position = 1;
      |                             ^~~~~~~~
3 warnings generated.
/home/jake/Desktop/Uni/Bolsa/gto-wasm-app/gto/src/temp_fasta_rand_extra_chars.c:29:12: warning: unused variable 'value' [-Wunused-variable]
   29 |   uint8_t  value, line = 0, position = 1;
      |            ^~~~~
/home/jake/Desktop/Uni/Bolsa/gto-wasm-app/gto/src/temp_fasta_rand_extra_chars.c:29:19: warning: unused variable 'line' [-Wunused-variable]
   29 |   uint8_t  value, line = 0, position = 1;
      |                   ^~~~
/home/jake/Desktop/Uni/Bolsa/gto-wasm-app/gto/src/temp_fasta_rand_extra_chars.c:29:29: warning: unused variable 'position' [-Wunused-variable]
   29 |   uint8_t  value, line = 0, position = 1;
      |                             ^~~~~~~~
3 warnings generated.
/home/jake/Desktop/Uni/Bolsa/gto-wasm-app/gto/src/temp_fasta_rand_extra_chars.c:29:12: warning: unused variable 'value' [-Wunused-variable]
   29 |   uint8_t  value, line = 0, position = 1;
      |            ^~~~~
/home/jake/Desktop/Uni/Bolsa/gto-wasm-app/gto/src/temp_fasta_rand_extra_chars.c:29:19: warning: unused variable 'line' [-Wunused-variable]
   29 |   uint8_t  value, line = 0, position = 1;
      |                   ^~~~
/home/jake/Desktop/Uni/Bolsa/gto-wasm-app/gto/src/temp_fasta_rand_extra_chars.c:29:29: warning: unused variable 'position' [-Wunused-variable]
   29 |   uint8_t  value, line = 0, position = 1;
      |                             ^~~~~~~~
3 warnings generated.
/home/jake/Desktop/Uni/Bolsa/gto-wasm-app/gto/src/temp_fasta_rand_extra_chars.c:29:12: warning: unused variable 'value' [-Wunused-variable]
   29 |   uint8_t  value, line = 0, position = 1;
      |            ^~~~~
/home/jake/Desktop/Uni/Bolsa/gto-wasm-app/gto/src/temp_fasta_rand_extra_chars.c:29:19: warning: unused variable 'line' [-Wunused-variable]
   29 |   uint8_t  value, line = 0, position = 1;
      |                   ^~~~
/home/jake/Desktop/Uni/Bolsa/gto-wasm-app/gto/src/temp_fasta_rand_extra_chars.c:29:29: warning: unused variable 'position' [-Wunused-variable]
   29 |   uint8_t  value, line = 0, position = 1;
      |                             ^~~~~~~~
3 warnings generated.
/home/jake/Desktop/Uni/Bolsa/gto-wasm-app/gto/src/temp_fasta_rand_extra_chars.c:29:12: warning: unused variable 'value' [-Wunused-variable]
   29 |   uint8_t  value, line = 0, position = 1;
      |            ^~~~~
/home/jake/Desktop/Uni/Bolsa/gto-wasm-app/gto/src/temp_fasta_rand_extra_chars.c:29:19: warning: unused variable 'line' [-Wunused-variable]
   29 |   uint8_t  value, line = 0, position = 1;
      |                   ^~~~
/home/jake/Desktop/Uni/Bolsa/gto-wasm-app/gto/src/temp_fasta_rand_extra_chars.c:29:29: warning: unused variable 'position' [-Wunused-variable]
   29 |   uint8_t  value, line = 0, position = 1;
      |                             ^~~~~~~~
3 warnings generated.
/home/jake/Desktop/Uni/Bolsa/gto-wasm-app/gto/src/temp_fasta_rand_extra_chars.c:29:12: warning: unused variable 'value' [-Wunused-variable]
   29 |   uint8_t  value, line = 0, position = 1;
      |            ^~~~~
/home/jake/Desktop/Uni/Bolsa/gto-wasm-app/gto/src/temp_fasta_rand_extra_chars.c:29:19: warning: unused variable 'line' [-Wunused-variable]
   29 |   uint8_t  value, line = 0, position = 1;
      |                   ^~~~
/home/jake/Desktop/Uni/Bolsa/gto-wasm-app/gto/src/temp_fasta_rand_extra_chars.c:29:29: warning: unused variable 'position' [-Wunused-variable]
   29 |   uint8_t  value, line = 0, position = 1;
      |                             ^~~~~~~~
3 warnings generated.
/home/jake/Desktop/Uni/Bolsa/gto-wasm-app/gto/src/temp_fasta_rand_extra_chars.c:29:12: warning: unused variable 'value' [-Wunused-variable]
   29 |   uint8_t  value, line = 0, position = 1;
      |            ^~~~~
/home/jake/Desktop/Uni/Bolsa/gto-wasm-app/gto/src/temp_fasta_rand_extra_chars.c:29:19: warning: unused variable 'line' [-Wunused-variable]
   29 |   uint8_t  value, line = 0, position = 1;
      |                   ^~~~
/home/jake/Desktop/Uni/Bolsa/gto-wasm-app/gto/src/temp_fasta_rand_extra_chars.c:29:29: warning: unused variable 'position' [-Wunused-variable]
   29 |   uint8_t  value, line = 0, position = 1;
      |                             ^~~~~~~~
3 warnings generated.
/home/jake/Desktop/Uni/Bolsa/gto-wasm-app/gto/src/temp_fasta_rand_extra_chars.c:29:12: warning: unused variable 'value' [-Wunused-variable]
   29 |   uint8_t  value, line = 0, position = 1;
      |            ^~~~~
/home/jake/Desktop/Uni/Bolsa/gto-wasm-app/gto/src/temp_fasta_rand_extra_chars.c:29:19: warning: unused variable 'line' [-Wunused-variable]
   29 |   uint8_t  value, line = 0, position = 1;
      |                   ^~~~
/home/jake/Desktop/Uni/Bolsa/gto-wasm-app/gto/src/temp_fasta_rand_extra_chars.c:29:29: warning: unused variable 'position' [-Wunused-variable]
   29 |   uint8_t  value, line = 0, position = 1;
      |                             ^~~~~~~~
3 warnings generated.
/home/jake/Desktop/Uni/Bolsa/gto-wasm-app/gto/src/temp_fasta_rand_extra_chars.c:29:12: warning: unused variable 'value' [-Wunused-variable]
   29 |   uint8_t  value, line = 0, position = 1;
      |            ^~~~~
/home/jake/Desktop/Uni/Bolsa/gto-wasm-app/gto/src/temp_fasta_rand_extra_chars.c:29:19: warning: unused variable 'line' [-Wunused-variable]
   29 |   uint8_t  value, line = 0, position = 1;
      |                   ^~~~
/home/jake/Desktop/Uni/Bolsa/gto-wasm-app/gto/src/temp_fasta_rand_extra_chars.c:29:29: warning: unused variable 'position' [-Wunused-variable]
   29 |   uint8_t  value, line = 0, position = 1;
      |                             ^~~~~~~~
3 warnings generated.
/home/jake/Desktop/Uni/Bolsa/gto-wasm-app/gto/src/temp_fasta_rand_extra_chars.c:29:12: warning: unused variable 'value' [-Wunused-variable]
   29 |   uint8_t  value, line = 0, position = 1;
      |            ^~~~~
/home/jake/Desktop/Uni/Bolsa/gto-wasm-app/gto/src/temp_fasta_rand_extra_chars.c:29:19: warning: unused variable 'line' [-Wunused-variable]
   29 |   uint8_t  value, line = 0, position = 1;
      |                   ^~~~
/home/jake/Desktop/Uni/Bolsa/gto-wasm-app/gto/src/temp_fasta_rand_extra_chars.c:29:29: warning: unused variable 'position' [-Wunused-variable]
   29 |   uint8_t  value, line = 0, position = 1;
      |                             ^~~~~~~~
3 warnings generated.
/home/jake/Desktop/Uni/Bolsa/gto-wasm-app/gto/src/temp_fasta_rand_extra_chars.c:29:12: warning: unused variable 'value' [-Wunused-variable]
   29 |   uint8_t  value, line = 0, position = 1;
      |            ^~~~~
/home/jake/Desktop/Uni/Bolsa/gto-wasm-app/gto/src/temp_fasta_rand_extra_chars.c:29:19: warning: unused variable 'line' [-Wunused-variable]
   29 |   uint8_t  value, line = 0, position = 1;
      |                   ^~~~
/home/jake/Desktop/Uni/Bolsa/gto-wasm-app/gto/src/temp_fasta_rand_extra_chars.c:29:29: warning: unused variable 'position' [-Wunused-variable]
   29 |   uint8_t  value, line = 0, position = 1;
      |                             ^~~~~~~~
3 warnings generated.
/home/jake/Desktop/Uni/Bolsa/gto-wasm-app/gto/src/temp_fasta_rand_extra_chars.c:29:12: warning: unused variable 'value' [-Wunused-variable]
   29 |   uint8_t  value, line = 0, position = 1;
      |            ^~~~~
/home/jake/Desktop/Uni/Bolsa/gto-wasm-app/gto/src/temp_fasta_rand_extra_chars.c:29:19: warning: unused variable 'line' [-Wunused-variable]
   29 |   uint8_t  value, line = 0, position = 1;
      |                   ^~~~
/home/jake/Desktop/Uni/Bolsa/gto-wasm-app/gto/src/temp_fasta_rand_extra_chars.c:29:29: warning: unused variable 'position' [-Wunused-variable]
   29 |   uint8_t  value, line = 0, position = 1;
      |                             ^~~~~~~~
3 warnings generated.
emcc: error: /home/jake/Desktop/Uni/Bolsa/gto-wasm-app/gto/src/main_wrapper.c: No such file or directory ("/home/jake/Desktop/Uni/Bolsa/gto-wasm-app/gto/src/main_wrapper.c" was expected to be an input file, based on the commandline arguments provided)
/home/jake/Desktop/Uni/Bolsa/gto-wasm-app/gto/src/temp_fasta_rand_extra_chars.c:29:12: warning: unused variable 'value' [-Wunused-variable]
   29 |   uint8_t  value, line = 0, position = 1;
      |            ^~~~~
/home/jake/Desktop/Uni/Bolsa/gto-wasm-app/gto/src/temp_fasta_rand_extra_chars.c:29:19: warning: unused variable 'line' [-Wunused-variable]
   29 |   uint8_t  value, line = 0, position = 1;
      |                   ^~~~
/home/jake/Desktop/Uni/Bolsa/gto-wasm-app/gto/src/temp_fasta_rand_extra_chars.c:29:29: warning: unused variable 'position' [-Wunused-variable]
   29 |   uint8_t  value, line = 0, position = 1;
      |                             ^~~~~~~~
3 warnings generated.
/home/jake/Desktop/Uni/Bolsa/gto-wasm-app/gto/src/main_wrapper.c:6:5: error: second parameter of 'main' (argument array) must be of type 'char **'
    6 | int main(int argc, char argv) {
      |     ^
1 error generated.
emcc: error: '/home/jake/Desktop/Uni/Bolsa/emsdk/upstream/bin/clang -target wasm32-unknown-emscripten -fignore-exceptions -mllvm -combiner-global-alias-analysis=false -mllvm -enable-emscripten-sjlj -mllvm -disable-lsr --sysroot=/home/jake/Desktop/Uni/Bolsa/emsdk/upstream/emscripten/cache/sysroot -DEMSCRIPTEN -Werror=implicit-function-declaration -Xclang -iwithsysroot/include/fakesdl -Xclang -iwithsysroot/include/compat -O3 -Wall -ffast-math -DPROGRESS -DLINUX -I/home/jake/Desktop/Uni/Bolsa/gto-wasm-app/gto/src /home/jake/Desktop/Uni/Bolsa/gto-wasm-app/gto/src/main_wrapper.c -c -o /tmp/emscripten_temp_qgbpe41q/main_wrapper_1.o' failed (returned 1)
/home/jake/Desktop/Uni/Bolsa/gto-wasm-app/gto/src/temp_fasta_rand_extra_chars.c:29:12: warning: unused variable 'value' [-Wunused-variable]
   29 |   uint8_t  value, line = 0, position = 1;
      |            ^~~~~
/home/jake/Desktop/Uni/Bolsa/gto-wasm-app/gto/src/temp_fasta_rand_extra_chars.c:29:19: warning: unused variable 'line' [-Wunused-variable]
   29 |   uint8_t  value, line = 0, position = 1;
      |                   ^~~~
/home/jake/Desktop/Uni/Bolsa/gto-wasm-app/gto/src/temp_fasta_rand_extra_chars.c:29:29: warning: unused variable 'position' [-Wunused-variable]
   29 |   uint8_t  value, line = 0, position = 1;
      |                             ^~~~~~~~
3 warnings generated.
/home/jake/Desktop/Uni/Bolsa/gto-wasm-app/gto/src/temp_fasta_rand_extra_chars.c:29:12: warning: unused variable 'value' [-Wunused-variable]
   29 |   uint8_t  value, line = 0, position = 1;
      |            ^~~~~
/home/jake/Desktop/Uni/Bolsa/gto-wasm-app/gto/src/temp_fasta_rand_extra_chars.c:29:19: warning: unused variable 'line' [-Wunused-variable]
   29 |   uint8_t  value, line = 0, position = 1;
      |                   ^~~~
/home/jake/Desktop/Uni/Bolsa/gto-wasm-app/gto/src/temp_fasta_rand_extra_chars.c:29:29: warning: unused variable 'position' [-Wunused-variable]
   29 |   uint8_t  value, line = 0, position = 1;
      |                             ^~~~~~~~
3 warnings generated.
/home/jake/Desktop/Uni/Bolsa/gto-wasm-app/gto/src/temp_fasta_rand_extra_chars.c:29:12: warning: unused variable 'value' [-Wunused-variable]
   29 |   uint8_t  value, line = 0, position = 1;
      |            ^~~~~
/home/jake/Desktop/Uni/Bolsa/gto-wasm-app/gto/src/temp_fasta_rand_extra_chars.c:29:19: warning: unused variable 'line' [-Wunused-variable]
   29 |   uint8_t  value, line = 0, position = 1;
      |                   ^~~~
/home/jake/Desktop/Uni/Bolsa/gto-wasm-app/gto/src/temp_fasta_rand_extra_chars.c:29:29: warning: unused variable 'position' [-Wunused-variable]
   29 |   uint8_t  value, line = 0, position = 1;
      |                             ^~~~~~~~
3 warnings generated.
/home/jake/Desktop/Uni/Bolsa/gto-wasm-app/gto/src/temp_fasta_rand_extra_chars.c:29:12: warning: unused variable 'value' [-Wunused-variable]
   29 |   uint8_t  value, line = 0, position = 1;
      |            ^~~~~
/home/jake/Desktop/Uni/Bolsa/gto-wasm-app/gto/src/temp_fasta_rand_extra_chars.c:29:19: warning: unused variable 'line' [-Wunused-variable]
   29 |   uint8_t  value, line = 0, position = 1;
      |                   ^~~~
/home/jake/Desktop/Uni/Bolsa/gto-wasm-app/gto/src/temp_fasta_rand_extra_chars.c:29:29: warning: unused variable 'position' [-Wunused-variable]
   29 |   uint8_t  value, line = 0, position = 1;
      |                             ^~~~~~~~
3 warnings generated.
/home/jake/Desktop/Uni/Bolsa/gto-wasm-app/gto/src/temp_fasta_rand_extra_chars.c:29:12: warning: unused variable 'value' [-Wunused-variable]
   29 |   uint8_t  value, line = 0, position = 1;
      |            ^~~~~
/home/jake/Desktop/Uni/Bolsa/gto-wasm-app/gto/src/temp_fasta_rand_extra_chars.c:29:19: warning: unused variable 'line' [-Wunused-variable]
   29 |   uint8_t  value, line = 0, position = 1;
      |                   ^~~~
/home/jake/Desktop/Uni/Bolsa/gto-wasm-app/gto/src/temp_fasta_rand_extra_chars.c:29:29: warning: unused variable 'position' [-Wunused-variable]
   29 |   uint8_t  value, line = 0, position = 1;
      |                             ^~~~~~~~
3 warnings generated.
/home/jake/Desktop/Uni/Bolsa/gto-wasm-app/gto/src/temp_fasta_rand_extra_chars.c:29:12: warning: unused variable 'value' [-Wunused-variable]
   29 |   uint8_t  value, line = 0, position = 1;
      |            ^~~~~
/home/jake/Desktop/Uni/Bolsa/gto-wasm-app/gto/src/temp_fasta_rand_extra_chars.c:29:19: warning: unused variable 'line' [-Wunused-variable]
   29 |   uint8_t  value, line = 0, position = 1;
      |                   ^~~~
/home/jake/Desktop/Uni/Bolsa/gto-wasm-app/gto/src/temp_fasta_rand_extra_chars.c:29:29: warning: unused variable 'position' [-Wunused-variable]
   29 |   uint8_t  value, line = 0, position = 1;
      |                             ^~~~~~~~
3 warnings generated.
/home/jake/Desktop/Uni/Bolsa/gto-wasm-app/gto/src/temp_fasta_rand_extra_chars.c:29:12: warning: unused variable 'value' [-Wunused-variable]
   29 |   uint8_t  value, line = 0, position = 1;
      |            ^~~~~
/home/jake/Desktop/Uni/Bolsa/gto-wasm-app/gto/src/temp_fasta_rand_extra_chars.c:29:19: warning: unused variable 'line' [-Wunused-variable]
   29 |   uint8_t  value, line = 0, position = 1;
      |                   ^~~~
/home/jake/Desktop/Uni/Bolsa/gto-wasm-app/gto/src/temp_fasta_rand_extra_chars.c:29:29: warning: unused variable 'position' [-Wunused-variable]
   29 |   uint8_t  value, line = 0, position = 1;
      |                             ^~~~~~~~
3 warnings generated.
/home/jake/Desktop/Uni/Bolsa/gto-wasm-app/gto/src/temp_fasta_rand_extra_chars.c:29:12: warning: unused variable 'value' [-Wunused-variable]
   29 |   uint8_t  value, line = 0, position = 1;
      |            ^~~~~
/home/jake/Desktop/Uni/Bolsa/gto-wasm-app/gto/src/temp_fasta_rand_extra_chars.c:29:19: warning: unused variable 'line' [-Wunused-variable]
   29 |   uint8_t  value, line = 0, position = 1;
      |                   ^~~~
/home/jake/Desktop/Uni/Bolsa/gto-wasm-app/gto/src/temp_fasta_rand_extra_chars.c:29:29: warning: unused variable 'position' [-Wunused-variable]
   29 |   uint8_t  value, line = 0, position = 1;
      |                             ^~~~~~~~
3 warnings generated.
/home/jake/Desktop/Uni/Bolsa/gto-wasm-app/gto/src/temp_fasta_rand_extra_chars.c:29:12: warning: unused variable 'value' [-Wunused-variable]
   29 |   uint8_t  value, line = 0, position = 1;
      |            ^~~~~
/home/jake/Desktop/Uni/Bolsa/gto-wasm-app/gto/src/temp_fasta_rand_extra_chars.c:29:19: warning: unused variable 'line' [-Wunused-variable]
   29 |   uint8_t  value, line = 0, position = 1;
      |                   ^~~~
/home/jake/Desktop/Uni/Bolsa/gto-wasm-app/gto/src/temp_fasta_rand_extra_chars.c:29:29: warning: unused variable 'position' [-Wunused-variable]
   29 |   uint8_t  value, line = 0, position = 1;
      |                             ^~~~~~~~
3 warnings generated.
/home/jake/Desktop/Uni/Bolsa/gto-wasm-app/gto/src/temp_fasta_rand_extra_chars.c:29:12: warning: unused variable 'value' [-Wunused-variable]
   29 |   uint8_t  value, line = 0, position = 1;
      |            ^~~~~
/home/jake/Desktop/Uni/Bolsa/gto-wasm-app/gto/src/temp_fasta_rand_extra_chars.c:29:19: warning: unused variable 'line' [-Wunused-variable]
   29 |   uint8_t  value, line = 0, position = 1;
      |                   ^~~~
/home/jake/Desktop/Uni/Bolsa/gto-wasm-app/gto/src/temp_fasta_rand_extra_chars.c:29:29: warning: unused variable 'position' [-Wunused-variable]
   29 |   uint8_t  value, line = 0, position = 1;
      |                             ^~~~~~~~
3 warnings generated.
cache:INFO: generating system asset: symbol_lists/7d6d1e46e7f01673464f04d354971cebf5d0bacf.json... (this will be cached in "/home/jake/Desktop/Uni/Bolsa/emsdk/upstream/emscripten/cache/symbol_lists/7d6d1e46e7f01673464f04d354971cebf5d0bacf.json" for subsequent builds)
cache:INFO:  - ok
/home/jake/Desktop/Uni/Bolsa/gto-wasm-app/gto/src/temp_fasta_rand_extra_chars.c:29:12: warning: unused variable 'value' [-Wunused-variable]
   29 |   uint8_t  value, line = 0, position = 1;
      |            ^~~~~
/home/jake/Desktop/Uni/Bolsa/gto-wasm-app/gto/src/temp_fasta_rand_extra_chars.c:29:19: warning: unused variable 'line' [-Wunused-variable]
   29 |   uint8_t  value, line = 0, position = 1;
      |                   ^~~~
/home/jake/Desktop/Uni/Bolsa/gto-wasm-app/gto/src/temp_fasta_rand_extra_chars.c:29:29: warning: unused variable 'position' [-Wunused-variable]
   29 |   uint8_t  value, line = 0, position = 1;
      |                             ^~~~~~~~
3 warnings generated.
cache:INFO: generating system asset: symbol_lists/d0ac231d3b3e6309be785036c1ba0433bd493d40.json... (this will be cached in "/home/jake/Desktop/Uni/Bolsa/emsdk/upstream/emscripten/cache/symbol_lists/d0ac231d3b3e6309be785036c1ba0433bd493d40.json" for subsequent builds)
cache:INFO:  - ok
/home/jake/Desktop/Uni/Bolsa/gto-wasm-app/gto/src/temp_fasta_rand_extra_chars.c:29:12: warning: unused variable 'value' [-Wunused-variable]
   29 |   uint8_t  value, line = 0, position = 1;
      |            ^~~~~
/home/jake/Desktop/Uni/Bolsa/gto-wasm-app/gto/src/temp_fasta_rand_extra_chars.c:29:19: warning: unused variable 'line' [-Wunused-variable]
   29 |   uint8_t  value, line = 0, position = 1;
      |                   ^~~~
/home/jake/Desktop/Uni/Bolsa/gto-wasm-app/gto/src/temp_fasta_rand_extra_chars.c:29:29: warning: unused variable 'position' [-Wunused-variable]
   29 |   uint8_t  value, line = 0, position = 1;
      |                             ^~~~~~~~
3 warnings generated.
/home/jake/Desktop/Uni/Bolsa/gto-wasm-app/gto/src/temp_fasta_rand_extra_chars.c:29:12: warning: unused variable 'value' [-Wunused-variable]
   29 |   uint8_t  value, line = 0, position = 1;
      |            ^~~~~
/home/jake/Desktop/Uni/Bolsa/gto-wasm-app/gto/src/temp_fasta_rand_extra_chars.c:29:19: warning: unused variable 'line' [-Wunused-variable]
   29 |   uint8_t  value, line = 0, position = 1;
      |                   ^~~~
/home/jake/Desktop/Uni/Bolsa/gto-wasm-app/gto/src/temp_fasta_rand_extra_chars.c:29:29: warning: unused variable 'position' [-Wunused-variable]
   29 |   uint8_t  value, line = 0, position = 1;
      |                             ^~~~~~~~
3 warnings generated.
/home/jake/Desktop/Uni/Bolsa/gto-wasm-app/gto/src/temp_fasta_rand_extra_chars.c:29:12: warning: unused variable 'value' [-Wunused-variable]
   29 |   uint8_t  value, line = 0, position = 1;
      |            ^~~~~
/home/jake/Desktop/Uni/Bolsa/gto-wasm-app/gto/src/temp_fasta_rand_extra_chars.c:29:19: warning: unused variable 'line' [-Wunused-variable]
   29 |   uint8_t  value, line = 0, position = 1;
      |                   ^~~~
/home/jake/Desktop/Uni/Bolsa/gto-wasm-app/gto/src/temp_fasta_rand_extra_chars.c:29:29: warning: unused variable 'position' [-Wunused-variable]
   29 |   uint8_t  value, line = 0, position = 1;
      |                             ^~~~~~~~
3 warnings generated.
/home/jake/Desktop/Uni/Bolsa/gto-wasm-app/gto/src/temp_fasta_rand_extra_chars.c:29:12: warning: unused variable 'value' [-Wunused-variable]
   29 |   uint8_t  value, line = 0, position = 1;
      |            ^~~~~
/home/jake/Desktop/Uni/Bolsa/gto-wasm-app/gto/src/temp_fasta_rand_extra_chars.c:29:19: warning: unused variable 'line' [-Wunused-variable]
   29 |   uint8_t  value, line = 0, position = 1;
      |                   ^~~~
/home/jake/Desktop/Uni/Bolsa/gto-wasm-app/gto/src/temp_fasta_rand_extra_chars.c:29:29: warning: unused variable 'position' [-Wunused-variable]
   29 |   uint8_t  value, line = 0, position = 1;
      |                             ^~~~~~~~
3 warnings generated.
/home/jake/Desktop/Uni/Bolsa/gto-wasm-app/gto/src/temp_fasta_rand_extra_chars.c:29:12: warning: unused variable 'value' [-Wunused-variable]
   29 |   uint8_t  value, line = 0, position = 1;
      |            ^~~~~
/home/jake/Desktop/Uni/Bolsa/gto-wasm-app/gto/src/temp_fasta_rand_extra_chars.c:29:19: warning: unused variable 'line' [-Wunused-variable]
   29 |   uint8_t  value, line = 0, position = 1;
      |                   ^~~~
/home/jake/Desktop/Uni/Bolsa/gto-wasm-app/gto/src/temp_fasta_rand_extra_chars.c:29:29: warning: unused variable 'position' [-Wunused-variable]
   29 |   uint8_t  value, line = 0, position = 1;
      |                             ^~~~~~~~
3 warnings generated.
/home/jake/Desktop/Uni/Bolsa/gto-wasm-app/gto/src/temp_fasta_rand_extra_chars.c:29:12: warning: unused variable 'value' [-Wunused-variable]
   29 |   uint8_t  value, line = 0, position = 1;
      |            ^~~~~
/home/jake/Desktop/Uni/Bolsa/gto-wasm-app/gto/src/temp_fasta_rand_extra_chars.c:29:19: warning: unused variable 'line' [-Wunused-variable]
   29 |   uint8_t  value, line = 0, position = 1;
      |                   ^~~~
/home/jake/Desktop/Uni/Bolsa/gto-wasm-app/gto/src/temp_fasta_rand_extra_chars.c:29:29: warning: unused variable 'position' [-Wunused-variable]
   29 |   uint8_t  value, line = 0, position = 1;
      |                             ^~~~~~~~
3 warnings generated.
/home/jake/Desktop/Uni/Bolsa/gto-wasm-app/gto/src/temp_fasta_rand_extra_chars.c:29:12: warning: unused variable 'value' [-Wunused-variable]
   29 |   uint8_t  value, line = 0, position = 1;
      |            ^~~~~
/home/jake/Desktop/Uni/Bolsa/gto-wasm-app/gto/src/temp_fasta_rand_extra_chars.c:29:19: warning: unused variable 'line' [-Wunused-variable]
   29 |   uint8_t  value, line = 0, position = 1;
      |                   ^~~~
/home/jake/Desktop/Uni/Bolsa/gto-wasm-app/gto/src/temp_fasta_rand_extra_chars.c:29:29: warning: unused variable 'position' [-Wunused-variable]
   29 |   uint8_t  value, line = 0, position = 1;
      |                             ^~~~~~~~
3 warnings generated.
cache:INFO: generating system asset: symbol_lists/53b0e26467d8fa90fa54baf7c4cec6fc24d5e3e2.json... (this will be cached in "/home/jake/Desktop/Uni/Bolsa/emsdk/upstream/emscripten/cache/symbol_lists/53b0e26467d8fa90fa54baf7c4cec6fc24d5e3e2.json" for subsequent builds)
cache:INFO:  - ok
/home/jake/Desktop/Uni/Bolsa/gto-wasm-app/gto/src/temp_fasta_rand_extra_chars.c:29:12: warning: unused variable 'value' [-Wunused-variable]
   29 |   uint8_t  value, line = 0, position = 1;
      |            ^~~~~
/home/jake/Desktop/Uni/Bolsa/gto-wasm-app/gto/src/temp_fasta_rand_extra_chars.c:29:19: warning: unused variable 'line' [-Wunused-variable]
   29 |   uint8_t  value, line = 0, position = 1;
      |                   ^~~~
/home/jake/Desktop/Uni/Bolsa/gto-wasm-app/gto/src/temp_fasta_rand_extra_chars.c:29:29: warning: unused variable 'position' [-Wunused-variable]
   29 |   uint8_t  value, line = 0, position = 1;
      |                             ^~~~~~~~
3 warnings generated.
/home/jake/Desktop/Uni/Bolsa/gto-wasm-app/gto/src/temp_fasta_rand_extra_chars.c:29:12: warning: unused variable 'value' [-Wunused-variable]
   29 |   uint8_t  value, line = 0, position = 1;
      |            ^~~~~
/home/jake/Desktop/Uni/Bolsa/gto-wasm-app/gto/src/temp_fasta_rand_extra_chars.c:29:19: warning: unused variable 'line' [-Wunused-variable]
   29 |   uint8_t  value, line = 0, position = 1;
      |                   ^~~~
/home/jake/Desktop/Uni/Bolsa/gto-wasm-app/gto/src/temp_fasta_rand_extra_chars.c:29:29: warning: unused variable 'position' [-Wunused-variable]
   29 |   uint8_t  value, line = 0, position = 1;
      |                             ^~~~~~~~
3 warnings generated.
/home/jake/Desktop/Uni/Bolsa/gto-wasm-app/gto/src/temp_fasta_rand_extra_chars.c:29:12: warning: unused variable 'value' [-Wunused-variable]
   29 |   uint8_t  value, line = 0, position = 1;
      |            ^~~~~
/home/jake/Desktop/Uni/Bolsa/gto-wasm-app/gto/src/temp_fasta_rand_extra_chars.c:29:19: warning: unused variable 'line' [-Wunused-variable]
   29 |   uint8_t  value, line = 0, position = 1;
      |                   ^~~~
/home/jake/Desktop/Uni/Bolsa/gto-wasm-app/gto/src/temp_fasta_rand_extra_chars.c:29:29: warning: unused variable 'position' [-Wunused-variable]
   29 |   uint8_t  value, line = 0, position = 1;
      |                             ^~~~~~~~
3 warnings generated.
/home/jake/Desktop/Uni/Bolsa/gto-wasm-app/gto/src/temp_fasta_rand_extra_chars.c:29:12: warning: unused variable 'value' [-Wunused-variable]
   29 |   uint8_t  value, line = 0, position = 1;
      |            ^~~~~
/home/jake/Desktop/Uni/Bolsa/gto-wasm-app/gto/src/temp_fasta_rand_extra_chars.c:29:19: warning: unused variable 'line' [-Wunused-variable]
   29 |   uint8_t  value, line = 0, position = 1;
      |                   ^~~~
/home/jake/Desktop/Uni/Bolsa/gto-wasm-app/gto/src/temp_fasta_rand_extra_chars.c:29:29: warning: unused variable 'position' [-Wunused-variable]
   29 |   uint8_t  value, line = 0, position = 1;
      |                             ^~~~~~~~
3 warnings generated.
/home/jake/Desktop/Uni/Bolsa/gto-wasm-app/gto/src/temp_fasta_rand_extra_chars.c:29:12: warning: unused variable 'value' [-Wunused-variable]
   29 |   uint8_t  value, line = 0, position = 1;
      |            ^~~~~
/home/jake/Desktop/Uni/Bolsa/gto-wasm-app/gto/src/temp_fasta_rand_extra_chars.c:29:19: warning: unused variable 'line' [-Wunused-variable]
   29 |   uint8_t  value, line = 0, position = 1;
      |                   ^~~~
/home/jake/Desktop/Uni/Bolsa/gto-wasm-app/gto/src/temp_fasta_rand_extra_chars.c:29:29: warning: unused variable 'position' [-Wunused-variable]
   29 |   uint8_t  value, line = 0, position = 1;
      |                             ^~~~~~~~
3 warnings generated.
/home/jake/Desktop/Uni/Bolsa/gto-wasm-app/gto/src/temp_fasta_rand_extra_chars.c:29:12: warning: unused variable 'value' [-Wunused-variable]
   29 |   uint8_t  value, line = 0, position = 1;
      |            ^~~~~
/home/jake/Desktop/Uni/Bolsa/gto-wasm-app/gto/src/temp_fasta_rand_extra_chars.c:29:19: warning: unused variable 'line' [-Wunused-variable]
   29 |   uint8_t  value, line = 0, position = 1;
      |                   ^~~~
/home/jake/Desktop/Uni/Bolsa/gto-wasm-app/gto/src/temp_fasta_rand_extra_chars.c:29:29: warning: unused variable 'position' [-Wunused-variable]
   29 |   uint8_t  value, line = 0, position = 1;
      |                             ^~~~~~~~
3 warnings generated.
/home/jake/Desktop/Uni/Bolsa/gto-wasm-app/gto/src/temp_fasta_rand_extra_chars.c:29:12: warning: unused variable 'value' [-Wunused-variable]
   29 |   uint8_t  value, line = 0, position = 1;
      |            ^~~~~
/home/jake/Desktop/Uni/Bolsa/gto-wasm-app/gto/src/temp_fasta_rand_extra_chars.c:29:19: warning: unused variable 'line' [-Wunused-variable]
   29 |   uint8_t  value, line = 0, position = 1;
      |                   ^~~~
/home/jake/Desktop/Uni/Bolsa/gto-wasm-app/gto/src/temp_fasta_rand_extra_chars.c:29:29: warning: unused variable 'position' [-Wunused-variable]
   29 |   uint8_t  value, line = 0, position = 1;
      |                             ^~~~~~~~
3 warnings generated.
/home/jake/Desktop/Uni/Bolsa/gto-wasm-app/gto/src/temp_fasta_rand_extra_chars.c:29:12: warning: unused variable 'value' [-Wunused-variable]
   29 |   uint8_t  value, line = 0, position = 1;
      |            ^~~~~
/home/jake/Desktop/Uni/Bolsa/gto-wasm-app/gto/src/temp_fasta_rand_extra_chars.c:29:19: warning: unused variable 'line' [-Wunused-variable]
   29 |   uint8_t  value, line = 0, position = 1;
      |                   ^~~~
/home/jake/Desktop/Uni/Bolsa/gto-wasm-app/gto/src/temp_fasta_rand_extra_chars.c:29:29: warning: unused variable 'position' [-Wunused-variable]
   29 |   uint8_t  value, line = 0, position = 1;
      |                             ^~~~~~~~
3 warnings generated.
/home/jake/Desktop/Uni/Bolsa/gto-wasm-app/gto/src/temp_fasta_rand_extra_chars.c:29:12: warning: unused variable 'value' [-Wunused-variable]
   29 |   uint8_t  value, line = 0, position = 1;
      |            ^~~~~
/home/jake/Desktop/Uni/Bolsa/gto-wasm-app/gto/src/temp_fasta_rand_extra_chars.c:29:19: warning: unused variable 'line' [-Wunused-variable]
   29 |   uint8_t  value, line = 0, position = 1;
      |                   ^~~~
/home/jake/Desktop/Uni/Bolsa/gto-wasm-app/gto/src/temp_fasta_rand_extra_chars.c:29:29: warning: unused variable 'position' [-Wunused-variable]
   29 |   uint8_t  value, line = 0, position = 1;
      |                             ^~~~~~~~
3 warnings generated.
/home/jake/Desktop/Uni/Bolsa/gto-wasm-app/gto/src/temp_fasta_rand_extra_chars.c:29:12: warning: unused variable 'value' [-Wunused-variable]
   29 |   uint8_t  value, line = 0, position = 1;
      |            ^~~~~
/home/jake/Desktop/Uni/Bolsa/gto-wasm-app/gto/src/temp_fasta_rand_extra_chars.c:29:19: warning: unused variable 'line' [-Wunused-variable]
   29 |   uint8_t  value, line = 0, position = 1;
      |                   ^~~~
/home/jake/Desktop/Uni/Bolsa/gto-wasm-app/gto/src/temp_fasta_rand_extra_chars.c:29:29: warning: unused variable 'position' [-Wunused-variable]
   29 |   uint8_t  value, line = 0, position = 1;
      |                             ^~~~~~~~
3 warnings generated.
/home/jake/Desktop/Uni/Bolsa/gto-wasm-app/gto/src/temp_fasta_rand_extra_chars.c:29:12: warning: unused variable 'value' [-Wunused-variable]
   29 |   uint8_t  value, line = 0, position = 1;
      |            ^~~~~
/home/jake/Desktop/Uni/Bolsa/gto-wasm-app/gto/src/temp_fasta_rand_extra_chars.c:29:19: warning: unused variable 'line' [-Wunused-variable]
   29 |   uint8_t  value, line = 0, position = 1;
      |                   ^~~~
/home/jake/Desktop/Uni/Bolsa/gto-wasm-app/gto/src/temp_fasta_rand_extra_chars.c:29:29: warning: unused variable 'position' [-Wunused-variable]
   29 |   uint8_t  value, line = 0, position = 1;
      |                             ^~~~~~~~
3 warnings generated.
/home/jake/Desktop/Uni/Bolsa/gto-wasm-app/gto/src/temp_fasta_rand_extra_chars.c:29:12: warning: unused variable 'value' [-Wunused-variable]
   29 |   uint8_t  value, line = 0, position = 1;
      |            ^~~~~
/home/jake/Desktop/Uni/Bolsa/gto-wasm-app/gto/src/temp_fasta_rand_extra_chars.c:29:19: warning: unused variable 'line' [-Wunused-variable]
   29 |   uint8_t  value, line = 0, position = 1;
      |                   ^~~~
/home/jake/Desktop/Uni/Bolsa/gto-wasm-app/gto/src/temp_fasta_rand_extra_chars.c:29:29: warning: unused variable 'position' [-Wunused-variable]
   29 |   uint8_t  value, line = 0, position = 1;
      |                             ^~~~~~~~
3 warnings generated.
/home/jake/Desktop/Uni/Bolsa/gto-wasm-app/gto/src/temp_fasta_rand_extra_chars.c:29:12: warning: unused variable 'value' [-Wunused-variable]
   29 |   uint8_t  value, line = 0, position = 1;
      |            ^~~~~
/home/jake/Desktop/Uni/Bolsa/gto-wasm-app/gto/src/temp_fasta_rand_extra_chars.c:29:19: warning: unused variable 'line' [-Wunused-variable]
   29 |   uint8_t  value, line = 0, position = 1;
      |                   ^~~~
/home/jake/Desktop/Uni/Bolsa/gto-wasm-app/gto/src/temp_fasta_rand_extra_chars.c:29:29: warning: unused variable 'position' [-Wunused-variable]
   29 |   uint8_t  value, line = 0, position = 1;
      |                             ^~~~~~~~
3 warnings generated.
/home/jake/Desktop/Uni/Bolsa/gto-wasm-app/gto/src/temp_fasta_rand_extra_chars.c:29:12: warning: unused variable 'value' [-Wunused-variable]
   29 |   uint8_t  value, line = 0, position = 1;
      |            ^~~~~
/home/jake/Desktop/Uni/Bolsa/gto-wasm-app/gto/src/temp_fasta_rand_extra_chars.c:29:19: warning: unused variable 'line' [-Wunused-variable]
   29 |   uint8_t  value, line = 0, position = 1;
      |                   ^~~~
/home/jake/Desktop/Uni/Bolsa/gto-wasm-app/gto/src/temp_fasta_rand_extra_chars.c:29:29: warning: unused variable 'position' [-Wunused-variable]
   29 |   uint8_t  value, line = 0, position = 1;
      |                             ^~~~~~~~
3 warnings generated.
/home/jake/Desktop/Uni/Bolsa/gto-wasm-app/gto/src/temp_fasta_rand_extra_chars.c:29:12: warning: unused variable 'value' [-Wunused-variable]
   29 |   uint8_t  value, line = 0, position = 1;
      |            ^~~~~
/home/jake/Desktop/Uni/Bolsa/gto-wasm-app/gto/src/temp_fasta_rand_extra_chars.c:29:19: warning: unused variable 'line' [-Wunused-variable]
   29 |   uint8_t  value, line = 0, position = 1;
      |                   ^~~~
/home/jake/Desktop/Uni/Bolsa/gto-wasm-app/gto/src/temp_fasta_rand_extra_chars.c:29:29: warning: unused variable 'position' [-Wunused-variable]
   29 |   uint8_t  value, line = 0, position = 1;
      |                             ^~~~~~~~
3 warnings generated.
/home/jake/Desktop/Uni/Bolsa/gto-wasm-app/gto/src/temp_fasta_rand_extra_chars.c:29:12: warning: unused variable 'value' [-Wunused-variable]
   29 |   uint8_t  value, line = 0, position = 1;
      |            ^~~~~
/home/jake/Desktop/Uni/Bolsa/gto-wasm-app/gto/src/temp_fasta_rand_extra_chars.c:29:19: warning: unused variable 'line' [-Wunused-variable]
   29 |   uint8_t  value, line = 0, position = 1;
      |                   ^~~~
/home/jake/Desktop/Uni/Bolsa/gto-wasm-app/gto/src/temp_fasta_rand_extra_chars.c:29:29: warning: unused variable 'position' [-Wunused-variable]
   29 |   uint8_t  value, line = 0, position = 1;
      |                             ^~~~~~~~
3 warnings generated.
/home/jake/Desktop/Uni/Bolsa/gto-wasm-app/gto/src/temp_fasta_rand_extra_chars.c:29:12: warning: unused variable 'value' [-Wunused-variable]
   29 |   uint8_t  value, line = 0, position = 1;
      |            ^~~~~
/home/jake/Desktop/Uni/Bolsa/gto-wasm-app/gto/src/temp_fasta_rand_extra_chars.c:29:19: warning: unused variable 'line' [-Wunused-variable]
   29 |   uint8_t  value, line = 0, position = 1;
      |                   ^~~~
/home/jake/Desktop/Uni/Bolsa/gto-wasm-app/gto/src/temp_fasta_rand_extra_chars.c:29:29: warning: unused variable 'position' [-Wunused-variable]
   29 |   uint8_t  value, line = 0, position = 1;
      |                             ^~~~~~~~
3 warnings generated.
/home/jake/Desktop/Uni/Bolsa/gto-wasm-app/gto/src/temp_fasta_rand_extra_chars.c:29:12: warning: unused variable 'value' [-Wunused-variable]
   29 |   uint8_t  value, line = 0, position = 1;
      |            ^~~~~
/home/jake/Desktop/Uni/Bolsa/gto-wasm-app/gto/src/temp_fasta_rand_extra_chars.c:29:19: warning: unused variable 'line' [-Wunused-variable]
   29 |   uint8_t  value, line = 0, position = 1;
      |                   ^~~~
/home/jake/Desktop/Uni/Bolsa/gto-wasm-app/gto/src/temp_fasta_rand_extra_chars.c:29:29: warning: unused variable 'position' [-Wunused-variable]
   29 |   uint8_t  value, line = 0, position = 1;
      |                             ^~~~~~~~
3 warnings generated.
/home/jake/Desktop/Uni/Bolsa/gto-wasm-app/gto/src/temp_fasta_rand_extra_chars.c:29:12: warning: unused variable 'value' [-Wunused-variable]
   29 |   uint8_t  value, line = 0, position = 1;
      |            ^~~~~
/home/jake/Desktop/Uni/Bolsa/gto-wasm-app/gto/src/temp_fasta_rand_extra_chars.c:29:19: warning: unused variable 'line' [-Wunused-variable]
   29 |   uint8_t  value, line = 0, position = 1;
      |                   ^~~~
/home/jake/Desktop/Uni/Bolsa/gto-wasm-app/gto/src/temp_fasta_rand_extra_chars.c:29:29: warning: unused variable 'position' [-Wunused-variable]
   29 |   uint8_t  value, line = 0, position = 1;
      |                             ^~~~~~~~
3 warnings generated.
/home/jake/Desktop/Uni/Bolsa/gto-wasm-app/gto/src/temp_fasta_rand_extra_chars.c:29:12: warning: unused variable 'value' [-Wunused-variable]
   29 |   uint8_t  value, line = 0, position = 1;
      |            ^~~~~
/home/jake/Desktop/Uni/Bolsa/gto-wasm-app/gto/src/temp_fasta_rand_extra_chars.c:29:19: warning: unused variable 'line' [-Wunused-variable]
   29 |   uint8_t  value, line = 0, position = 1;
      |                   ^~~~
/home/jake/Desktop/Uni/Bolsa/gto-wasm-app/gto/src/temp_fasta_rand_extra_chars.c:29:29: warning: unused variable 'position' [-Wunused-variable]
   29 |   uint8_t  value, line = 0, position = 1;
      |                             ^~~~~~~~
3 warnings generated.
/home/jake/Desktop/Uni/Bolsa/gto-wasm-app/gto/src/temp_fasta_rand_extra_chars.c:29:12: warning: unused variable 'value' [-Wunused-variable]
   29 |   uint8_t  value, line = 0, position = 1;
      |            ^~~~~
/home/jake/Desktop/Uni/Bolsa/gto-wasm-app/gto/src/temp_fasta_rand_extra_chars.c:29:19: warning: unused variable 'line' [-Wunused-variable]
   29 |   uint8_t  value, line = 0, position = 1;
      |                   ^~~~
/home/jake/Desktop/Uni/Bolsa/gto-wasm-app/gto/src/temp_fasta_rand_extra_chars.c:29:29: warning: unused variable 'position' [-Wunused-variable]
   29 |   uint8_t  value, line = 0, position = 1;
      |                             ^~~~~~~~
3 warnings generated.
/home/jake/Desktop/Uni/Bolsa/gto-wasm-app/gto/src/temp_fasta_rand_extra_chars.c:29:12: warning: unused variable 'value' [-Wunused-variable]
   29 |   uint8_t  value, line = 0, position = 1;
      |            ^~~~~
/home/jake/Desktop/Uni/Bolsa/gto-wasm-app/gto/src/temp_fasta_rand_extra_chars.c:29:19: warning: unused variable 'line' [-Wunused-variable]
   29 |   uint8_t  value, line = 0, position = 1;
      |                   ^~~~
/home/jake/Desktop/Uni/Bolsa/gto-wasm-app/gto/src/temp_fasta_rand_extra_chars.c:29:29: warning: unused variable 'position' [-Wunused-variable]
   29 |   uint8_t  value, line = 0, position = 1;
      |                             ^~~~~~~~
3 warnings generated.
/home/jake/Desktop/Uni/Bolsa/gto-wasm-app/gto/src/temp_fasta_rand_extra_chars.c:29:12: warning: unused variable 'value' [-Wunused-variable]
   29 |   uint8_t  value, line = 0, position = 1;
      |            ^~~~~
/home/jake/Desktop/Uni/Bolsa/gto-wasm-app/gto/src/temp_fasta_rand_extra_chars.c:29:19: warning: unused variable 'line' [-Wunused-variable]
   29 |   uint8_t  value, line = 0, position = 1;
      |                   ^~~~
/home/jake/Desktop/Uni/Bolsa/gto-wasm-app/gto/src/temp_fasta_rand_extra_chars.c:29:29: warning: unused variable 'position' [-Wunused-variable]
   29 |   uint8_t  value, line = 0, position = 1;
      |                             ^~~~~~~~
3 warnings generated.
/home/jake/Desktop/Uni/Bolsa/gto-wasm-app/gto/src/temp_fasta_rand_extra_chars.c:29:12: warning: unused variable 'value' [-Wunused-variable]
   29 |   uint8_t  value, line = 0, position = 1;
      |            ^~~~~
/home/jake/Desktop/Uni/Bolsa/gto-wasm-app/gto/src/temp_fasta_rand_extra_chars.c:29:19: warning: unused variable 'line' [-Wunused-variable]
   29 |   uint8_t  value, line = 0, position = 1;
      |                   ^~~~
/home/jake/Desktop/Uni/Bolsa/gto-wasm-app/gto/src/temp_fasta_rand_extra_chars.c:29:29: warning: unused variable 'position' [-Wunused-variable]
   29 |   uint8_t  value, line = 0, position = 1;
      |                             ^~~~~~~~
3 warnings generated.
/home/jake/Desktop/Uni/Bolsa/gto-wasm-app/gto/src/temp_fasta_rand_extra_chars.c:29:12: warning: unused variable 'value' [-Wunused-variable]
   29 |   uint8_t  value, line = 0, position = 1;
      |            ^~~~~
/home/jake/Desktop/Uni/Bolsa/gto-wasm-app/gto/src/temp_fasta_rand_extra_chars.c:29:19: warning: unused variable 'line' [-Wunused-variable]
   29 |   uint8_t  value, line = 0, position = 1;
      |                   ^~~~
/home/jake/Desktop/Uni/Bolsa/gto-wasm-app/gto/src/temp_fasta_rand_extra_chars.c:29:29: warning: unused variable 'position' [-Wunused-variable]
   29 |   uint8_t  value, line = 0, position = 1;
      |                             ^~~~~~~~
3 warnings generated.
/home/jake/Desktop/Uni/Bolsa/gto-wasm-app/gto/src/temp_fasta_rand_extra_chars.c:29:12: warning: unused variable 'value' [-Wunused-variable]
   29 |   uint8_t  value, line = 0, position = 1;
      |            ^~~~~
/home/jake/Desktop/Uni/Bolsa/gto-wasm-app/gto/src/temp_fasta_rand_extra_chars.c:29:19: warning: unused variable 'line' [-Wunused-variable]
   29 |   uint8_t  value, line = 0, position = 1;
      |                   ^~~~
/home/jake/Desktop/Uni/Bolsa/gto-wasm-app/gto/src/temp_fasta_rand_extra_chars.c:29:29: warning: unused variable 'position' [-Wunused-variable]
   29 |   uint8_t  value, line = 0, position = 1;
      |                             ^~~~~~~~
3 warnings generated.
/home/jake/Desktop/Uni/Bolsa/gto-wasm-app/gto/src/temp_fasta_rand_extra_chars.c:29:12: warning: unused variable 'value' [-Wunused-variable]
   29 |   uint8_t  value, line = 0, position = 1;
      |            ^~~~~
/home/jake/Desktop/Uni/Bolsa/gto-wasm-app/gto/src/temp_fasta_rand_extra_chars.c:29:19: warning: unused variable 'line' [-Wunused-variable]
   29 |   uint8_t  value, line = 0, position = 1;
      |                   ^~~~
/home/jake/Desktop/Uni/Bolsa/gto-wasm-app/gto/src/temp_fasta_rand_extra_chars.c:29:29: warning: unused variable 'position' [-Wunused-variable]
   29 |   uint8_t  value, line = 0, position = 1;
      |                             ^~~~~~~~
3 warnings generated.
/home/jake/Desktop/Uni/Bolsa/gto-wasm-app/gto/src/temp_fasta_rand_extra_chars.c:29:12: warning: unused variable 'value' [-Wunused-variable]
   29 |   uint8_t  value, line = 0, position = 1;
      |            ^~~~~
/home/jake/Desktop/Uni/Bolsa/gto-wasm-app/gto/src/temp_fasta_rand_extra_chars.c:29:19: warning: unused variable 'line' [-Wunused-variable]
   29 |   uint8_t  value, line = 0, position = 1;
      |                   ^~~~
/home/jake/Desktop/Uni/Bolsa/gto-wasm-app/gto/src/temp_fasta_rand_extra_chars.c:29:29: warning: unused variable 'position' [-Wunused-variable]
   29 |   uint8_t  value, line = 0, position = 1;
      |                             ^~~~~~~~
3 warnings generated.
/home/jake/Desktop/Uni/Bolsa/gto-wasm-app/gto/src/temp_fasta_rand_extra_chars.c:29:12: warning: unused variable 'value' [-Wunused-variable]
   29 |   uint8_t  value, line = 0, position = 1;
      |            ^~~~~
/home/jake/Desktop/Uni/Bolsa/gto-wasm-app/gto/src/temp_fasta_rand_extra_chars.c:29:19: warning: unused variable 'line' [-Wunused-variable]
   29 |   uint8_t  value, line = 0, position = 1;
      |                   ^~~~
/home/jake/Desktop/Uni/Bolsa/gto-wasm-app/gto/src/temp_fasta_rand_extra_chars.c:29:29: warning: unused variable 'position' [-Wunused-variable]
   29 |   uint8_t  value, line = 0, position = 1;
      |                             ^~~~~~~~
3 warnings generated.
/home/jake/Desktop/Uni/Bolsa/gto-wasm-app/gto/src/temp_fasta_rand_extra_chars.c:29:12: warning: unused variable 'value' [-Wunused-variable]
   29 |   uint8_t  value, line = 0, position = 1;
      |            ^~~~~
/home/jake/Desktop/Uni/Bolsa/gto-wasm-app/gto/src/temp_fasta_rand_extra_chars.c:29:19: warning: unused variable 'line' [-Wunused-variable]
   29 |   uint8_t  value, line = 0, position = 1;
      |                   ^~~~
/home/jake/Desktop/Uni/Bolsa/gto-wasm-app/gto/src/temp_fasta_rand_extra_chars.c:29:29: warning: unused variable 'position' [-Wunused-variable]
   29 |   uint8_t  value, line = 0, position = 1;
      |                             ^~~~~~~~
3 warnings generated.
/home/jake/Desktop/Uni/Bolsa/gto-wasm-app/gto/src/temp_fasta_rand_extra_chars.c:29:12: warning: unused variable 'value' [-Wunused-variable]
   29 |   uint8_t  value, line = 0, position = 1;
      |            ^~~~~
/home/jake/Desktop/Uni/Bolsa/gto-wasm-app/gto/src/temp_fasta_rand_extra_chars.c:29:19: warning: unused variable 'line' [-Wunused-variable]
   29 |   uint8_t  value, line = 0, position = 1;
      |                   ^~~~
/home/jake/Desktop/Uni/Bolsa/gto-wasm-app/gto/src/temp_fasta_rand_extra_chars.c:29:29: warning: unused variable 'position' [-Wunused-variable]
   29 |   uint8_t  value, line = 0, position = 1;
      |                             ^~~~~~~~
3 warnings generated.
/home/jake/Desktop/Uni/Bolsa/gto-wasm-app/gto/src/temp_fasta_rand_extra_chars.c:29:12: warning: unused variable 'value' [-Wunused-variable]
   29 |   uint8_t  value, line = 0, position = 1;
      |            ^~~~~
/home/jake/Desktop/Uni/Bolsa/gto-wasm-app/gto/src/temp_fasta_rand_extra_chars.c:29:19: warning: unused variable 'line' [-Wunused-variable]
   29 |   uint8_t  value, line = 0, position = 1;
      |                   ^~~~
/home/jake/Desktop/Uni/Bolsa/gto-wasm-app/gto/src/temp_fasta_rand_extra_chars.c:29:29: warning: unused variable 'position' [-Wunused-variable]
   29 |   uint8_t  value, line = 0, position = 1;
      |                             ^~~~~~~~
3 warnings generated.
/home/jake/Desktop/Uni/Bolsa/gto-wasm-app/gto/src/temp_fasta_rand_extra_chars.c:29:12: warning: unused variable 'value' [-Wunused-variable]
   29 |   uint8_t  value, line = 0, position = 1;
      |            ^~~~~
/home/jake/Desktop/Uni/Bolsa/gto-wasm-app/gto/src/temp_fasta_rand_extra_chars.c:29:19: warning: unused variable 'line' [-Wunused-variable]
   29 |   uint8_t  value, line = 0, position = 1;
      |                   ^~~~
/home/jake/Desktop/Uni/Bolsa/gto-wasm-app/gto/src/temp_fasta_rand_extra_chars.c:29:29: warning: unused variable 'position' [-Wunused-variable]
   29 |   uint8_t  value, line = 0, position = 1;
      |                             ^~~~~~~~
3 warnings generated.
