/home/jake/Desktop/Uni/Bolsa/gto-wasm-app/gto/src/temp_lower_bound.c:38:47: warning: format specifies type 'long' but the argument has type 'uint64_t' (aka 'unsigned long long') [-Wformat]
   38 |   fprintf(stderr, "Using lower bound: %ld\n", lowerbound);
      |                                       ~~~     ^~~~~~~~~~
      |                                       %llu
1 warning generated.
/home/jake/Desktop/Uni/Bolsa/gto-wasm-app/gto/src/temp_lower_bound.c:38:47: warning: format specifies type 'long' but the argument has type 'uint64_t' (aka 'unsigned long long') [-Wformat]
   38 |   fprintf(stderr, "Using lower bound: %ld\n", lowerbound);
      |                                       ~~~     ^~~~~~~~~~
      |                                       %llu
1 warning generated.
/home/jake/Desktop/Uni/Bolsa/gto-wasm-app/gto/src/temp_lower_bound.c:38:47: warning: format specifies type 'long' but the argument has type 'uint64_t' (aka 'unsigned long long') [-Wformat]
   38 |   fprintf(stderr, "Using lower bound: %ld\n", lowerbound);
      |                                       ~~~     ^~~~~~~~~~
      |                                       %llu
1 warning generated.
/home/jake/Desktop/Uni/Bolsa/gto-wasm-app/gto/src/temp_lower_bound.c:38:47: warning: format specifies type 'long' but the argument has type 'uint64_t' (aka 'unsigned long long') [-Wformat]
   38 |   fprintf(stderr, "Using lower bound: %ld\n", lowerbound);
      |                                       ~~~     ^~~~~~~~~~
      |                                       %llu
1 warning generated.
/home/jake/Desktop/Uni/Bolsa/gto-wasm-app/gto/src/temp_lower_bound.c:38:47: warning: format specifies type 'long' but the argument has type 'uint64_t' (aka 'unsigned long long') [-Wformat]
   38 |   fprintf(stderr, "Using lower bound: %ld\n", lowerbound);
      |                                       ~~~     ^~~~~~~~~~
      |                                       %llu
1 warning generated.
/home/jake/Desktop/Uni/Bolsa/gto-wasm-app/gto/src/temp_lower_bound.c:38:47: warning: format specifies type 'long' but the argument has type 'uint64_t' (aka 'unsigned long long') [-Wformat]
   38 |   fprintf(stderr, "Using lower bound: %ld\n", lowerbound);
      |                                       ~~~     ^~~~~~~~~~
      |                                       %llu
1 warning generated.
/home/jake/Desktop/Uni/Bolsa/gto-wasm-app/gto/src/temp_lower_bound.c:38:47: warning: format specifies type 'long' but the argument has type 'uint64_t' (aka 'unsigned long long') [-Wformat]
   38 |   fprintf(stderr, "Using lower bound: %ld\n", lowerbound);
      |                                       ~~~     ^~~~~~~~~~
      |                                       %llu
1 warning generated.
/home/jake/Desktop/Uni/Bolsa/gto-wasm-app/gto/src/temp_lower_bound.c:38:47: warning: format specifies type 'long' but the argument has type 'uint64_t' (aka 'unsigned long long') [-Wformat]
   38 |   fprintf(stderr, "Using lower bound: %ld\n", lowerbound);
      |                                       ~~~     ^~~~~~~~~~
      |                                       %llu
1 warning generated.
/home/jake/Desktop/Uni/Bolsa/gto-wasm-app/gto/src/temp_lower_bound.c:38:47: warning: format specifies type 'long' but the argument has type 'uint64_t' (aka 'unsigned long long') [-Wformat]
   38 |   fprintf(stderr, "Using lower bound: %ld\n", lowerbound);
      |                                       ~~~     ^~~~~~~~~~
      |                                       %llu
1 warning generated.
/home/jake/Desktop/Uni/Bolsa/gto-wasm-app/gto/src/temp_lower_bound.c:38:47: warning: format specifies type 'long' but the argument has type 'uint64_t' (aka 'unsigned long long') [-Wformat]
   38 |   fprintf(stderr, "Using lower bound: %ld\n", lowerbound);
      |                                       ~~~     ^~~~~~~~~~
      |                                       %llu
1 warning generated.
/home/jake/Desktop/Uni/Bolsa/gto-wasm-app/gto/src/temp_lower_bound.c:38:47: warning: format specifies type 'long' but the argument has type 'uint64_t' (aka 'unsigned long long') [-Wformat]
   38 |   fprintf(stderr, "Using lower bound: %ld\n", lowerbound);
      |                                       ~~~     ^~~~~~~~~~
      |                                       %llu
1 warning generated.
/home/jake/Desktop/Uni/Bolsa/gto-wasm-app/gto/src/temp_lower_bound.c:38:47: warning: format specifies type 'long' but the argument has type 'uint64_t' (aka 'unsigned long long') [-Wformat]
   38 |   fprintf(stderr, "Using lower bound: %ld\n", lowerbound);
      |                                       ~~~     ^~~~~~~~~~
      |                                       %llu
1 warning generated.
emcc: error: /home/jake/Desktop/Uni/Bolsa/gto-wasm-app/gto/src/main_wrapper.c: No such file or directory ("/home/jake/Desktop/Uni/Bolsa/gto-wasm-app/gto/src/main_wrapper.c" was expected to be an input file, based on the commandline arguments provided)
/home/jake/Desktop/Uni/Bolsa/gto-wasm-app/gto/src/temp_lower_bound.c:38:47: warning: format specifies type 'long' but the argument has type 'uint64_t' (aka 'unsigned long long') [-Wformat]
   38 |   fprintf(stderr, "Using lower bound: %ld\n", lowerbound);
      |                                       ~~~     ^~~~~~~~~~
      |                                       %llu
1 warning generated.
/home/jake/Desktop/Uni/Bolsa/gto-wasm-app/gto/src/main_wrapper.c:6:5: error: second parameter of 'main' (argument array) must be of type 'char **'
    6 | int main(int argc, char argv) {
      |     ^
1 error generated.
emcc: error: '/home/jake/Desktop/Uni/Bolsa/emsdk/upstream/bin/clang -target wasm32-unknown-emscripten -fignore-exceptions -mllvm -combiner-global-alias-analysis=false -mllvm -enable-emscripten-sjlj -mllvm -disable-lsr --sysroot=/home/jake/Desktop/Uni/Bolsa/emsdk/upstream/emscripten/cache/sysroot -DEMSCRIPTEN -Werror=implicit-function-declaration -Xclang -iwithsysroot/include/fakesdl -Xclang -iwithsysroot/include/compat -O3 -Wall -ffast-math -DPROGRESS -DLINUX -I/home/jake/Desktop/Uni/Bolsa/gto-wasm-app/gto/src /home/jake/Desktop/Uni/Bolsa/gto-wasm-app/gto/src/main_wrapper.c -c -o /tmp/emscripten_temp_9sfloa2n/main_wrapper_1.o' failed (returned 1)
/home/jake/Desktop/Uni/Bolsa/gto-wasm-app/gto/src/temp_lower_bound.c:38:47: warning: format specifies type 'long' but the argument has type 'uint64_t' (aka 'unsigned long long') [-Wformat]
   38 |   fprintf(stderr, "Using lower bound: %ld\n", lowerbound);
      |                                       ~~~     ^~~~~~~~~~
      |                                       %llu
1 warning generated.
/home/jake/Desktop/Uni/Bolsa/gto-wasm-app/gto/src/temp_lower_bound.c:38:47: warning: format specifies type 'long' but the argument has type 'uint64_t' (aka 'unsigned long long') [-Wformat]
   38 |   fprintf(stderr, "Using lower bound: %ld\n", lowerbound);
      |                                       ~~~     ^~~~~~~~~~
      |                                       %llu
1 warning generated.
/home/jake/Desktop/Uni/Bolsa/gto-wasm-app/gto/src/temp_lower_bound.c:38:47: warning: format specifies type 'long' but the argument has type 'uint64_t' (aka 'unsigned long long') [-Wformat]
   38 |   fprintf(stderr, "Using lower bound: %ld\n", lowerbound);
      |                                       ~~~     ^~~~~~~~~~
      |                                       %llu
1 warning generated.
/home/jake/Desktop/Uni/Bolsa/gto-wasm-app/gto/src/temp_lower_bound.c:38:47: warning: format specifies type 'long' but the argument has type 'uint64_t' (aka 'unsigned long long') [-Wformat]
   38 |   fprintf(stderr, "Using lower bound: %ld\n", lowerbound);
      |                                       ~~~     ^~~~~~~~~~
      |                                       %llu
1 warning generated.
/home/jake/Desktop/Uni/Bolsa/gto-wasm-app/gto/src/temp_lower_bound.c:38:47: warning: format specifies type 'long' but the argument has type 'uint64_t' (aka 'unsigned long long') [-Wformat]
   38 |   fprintf(stderr, "Using lower bound: %ld\n", lowerbound);
      |                                       ~~~     ^~~~~~~~~~
      |                                       %llu
1 warning generated.
/home/jake/Desktop/Uni/Bolsa/gto-wasm-app/gto/src/temp_lower_bound.c:38:47: warning: format specifies type 'long' but the argument has type 'uint64_t' (aka 'unsigned long long') [-Wformat]
   38 |   fprintf(stderr, "Using lower bound: %ld\n", lowerbound);
      |                                       ~~~     ^~~~~~~~~~
      |                                       %llu
1 warning generated.
/home/jake/Desktop/Uni/Bolsa/gto-wasm-app/gto/src/temp_lower_bound.c:38:47: warning: format specifies type 'long' but the argument has type 'uint64_t' (aka 'unsigned long long') [-Wformat]
   38 |   fprintf(stderr, "Using lower bound: %ld\n", lowerbound);
      |                                       ~~~     ^~~~~~~~~~
      |                                       %llu
1 warning generated.
/home/jake/Desktop/Uni/Bolsa/gto-wasm-app/gto/src/temp_lower_bound.c:38:47: warning: format specifies type 'long' but the argument has type 'uint64_t' (aka 'unsigned long long') [-Wformat]
   38 |   fprintf(stderr, "Using lower bound: %ld\n", lowerbound);
      |                                       ~~~     ^~~~~~~~~~
      |                                       %llu
1 warning generated.
/home/jake/Desktop/Uni/Bolsa/gto-wasm-app/gto/src/temp_lower_bound.c:38:47: warning: format specifies type 'long' but the argument has type 'uint64_t' (aka 'unsigned long long') [-Wformat]
   38 |   fprintf(stderr, "Using lower bound: %ld\n", lowerbound);
      |                                       ~~~     ^~~~~~~~~~
      |                                       %llu
1 warning generated.
/home/jake/Desktop/Uni/Bolsa/gto-wasm-app/gto/src/temp_lower_bound.c:38:47: warning: format specifies type 'long' but the argument has type 'uint64_t' (aka 'unsigned long long') [-Wformat]
   38 |   fprintf(stderr, "Using lower bound: %ld\n", lowerbound);
      |                                       ~~~     ^~~~~~~~~~
      |                                       %llu
1 warning generated.
cache:INFO: generating system asset: symbol_lists/798b733007aef8ea52b2da0027ab8822f3d9438b.json... (this will be cached in "/home/jake/Desktop/Uni/Bolsa/emsdk/upstream/emscripten/cache/symbol_lists/798b733007aef8ea52b2da0027ab8822f3d9438b.json" for subsequent builds)
cache:INFO:  - ok
/home/jake/Desktop/Uni/Bolsa/gto-wasm-app/gto/src/temp_lower_bound.c:38:47: warning: format specifies type 'long' but the argument has type 'uint64_t' (aka 'unsigned long long') [-Wformat]
   38 |   fprintf(stderr, "Using lower bound: %ld\n", lowerbound);
      |                                       ~~~     ^~~~~~~~~~
      |                                       %llu
1 warning generated.
cache:INFO: generating system asset: symbol_lists/bfb6c6f83584dd128ffb0a930769d0888c8e9bb1.json... (this will be cached in "/home/jake/Desktop/Uni/Bolsa/emsdk/upstream/emscripten/cache/symbol_lists/bfb6c6f83584dd128ffb0a930769d0888c8e9bb1.json" for subsequent builds)
cache:INFO:  - ok
/home/jake/Desktop/Uni/Bolsa/gto-wasm-app/gto/src/temp_lower_bound.c:38:47: warning: format specifies type 'long' but the argument has type 'uint64_t' (aka 'unsigned long long') [-Wformat]
   38 |   fprintf(stderr, "Using lower bound: %ld\n", lowerbound);
      |                                       ~~~     ^~~~~~~~~~
      |                                       %llu
1 warning generated.
/home/jake/Desktop/Uni/Bolsa/gto-wasm-app/gto/src/temp_lower_bound.c:38:47: warning: format specifies type 'long' but the argument has type 'uint64_t' (aka 'unsigned long long') [-Wformat]
   38 |   fprintf(stderr, "Using lower bound: %ld\n", lowerbound);
      |                                       ~~~     ^~~~~~~~~~
      |                                       %llu
1 warning generated.
/home/jake/Desktop/Uni/Bolsa/gto-wasm-app/gto/src/temp_lower_bound.c:38:47: warning: format specifies type 'long' but the argument has type 'uint64_t' (aka 'unsigned long long') [-Wformat]
   38 |   fprintf(stderr, "Using lower bound: %ld\n", lowerbound);
      |                                       ~~~     ^~~~~~~~~~
      |                                       %llu
1 warning generated.
/home/jake/Desktop/Uni/Bolsa/gto-wasm-app/gto/src/temp_lower_bound.c:38:47: warning: format specifies type 'long' but the argument has type 'uint64_t' (aka 'unsigned long long') [-Wformat]
   38 |   fprintf(stderr, "Using lower bound: %ld\n", lowerbound);
      |                                       ~~~     ^~~~~~~~~~
      |                                       %llu
1 warning generated.
/home/jake/Desktop/Uni/Bolsa/gto-wasm-app/gto/src/temp_lower_bound.c:38:47: warning: format specifies type 'long' but the argument has type 'uint64_t' (aka 'unsigned long long') [-Wformat]
   38 |   fprintf(stderr, "Using lower bound: %ld\n", lowerbound);
      |                                       ~~~     ^~~~~~~~~~
      |                                       %llu
1 warning generated.
/home/jake/Desktop/Uni/Bolsa/gto-wasm-app/gto/src/temp_lower_bound.c:38:47: warning: format specifies type 'long' but the argument has type 'uint64_t' (aka 'unsigned long long') [-Wformat]
   38 |   fprintf(stderr, "Using lower bound: %ld\n", lowerbound);
      |                                       ~~~     ^~~~~~~~~~
      |                                       %llu
1 warning generated.
/home/jake/Desktop/Uni/Bolsa/gto-wasm-app/gto/src/temp_lower_bound.c:38:47: warning: format specifies type 'long' but the argument has type 'uint64_t' (aka 'unsigned long long') [-Wformat]
   38 |   fprintf(stderr, "Using lower bound: %ld\n", lowerbound);
      |                                       ~~~     ^~~~~~~~~~
      |                                       %llu
1 warning generated.
cache:INFO: generating system asset: symbol_lists/1e7583d2b50a1ec877c0a29cf67685235b59c192.json... (this will be cached in "/home/jake/Desktop/Uni/Bolsa/emsdk/upstream/emscripten/cache/symbol_lists/1e7583d2b50a1ec877c0a29cf67685235b59c192.json" for subsequent builds)
cache:INFO:  - ok
/home/jake/Desktop/Uni/Bolsa/gto-wasm-app/gto/src/temp_lower_bound.c:38:47: warning: format specifies type 'long' but the argument has type 'uint64_t' (aka 'unsigned long long') [-Wformat]
   38 |   fprintf(stderr, "Using lower bound: %ld\n", lowerbound);
      |                                       ~~~     ^~~~~~~~~~
      |                                       %llu
1 warning generated.
/home/jake/Desktop/Uni/Bolsa/gto-wasm-app/gto/src/temp_lower_bound.c:38:47: warning: format specifies type 'long' but the argument has type 'uint64_t' (aka 'unsigned long long') [-Wformat]
   38 |   fprintf(stderr, "Using lower bound: %ld\n", lowerbound);
      |                                       ~~~     ^~~~~~~~~~
      |                                       %llu
1 warning generated.
/home/jake/Desktop/Uni/Bolsa/gto-wasm-app/gto/src/temp_lower_bound.c:38:47: warning: format specifies type 'long' but the argument has type 'uint64_t' (aka 'unsigned long long') [-Wformat]
   38 |   fprintf(stderr, "Using lower bound: %ld\n", lowerbound);
      |                                       ~~~     ^~~~~~~~~~
      |                                       %llu
1 warning generated.
/home/jake/Desktop/Uni/Bolsa/gto-wasm-app/gto/src/temp_lower_bound.c:38:47: warning: format specifies type 'long' but the argument has type 'uint64_t' (aka 'unsigned long long') [-Wformat]
   38 |   fprintf(stderr, "Using lower bound: %ld\n", lowerbound);
      |                                       ~~~     ^~~~~~~~~~
      |                                       %llu
1 warning generated.
/home/jake/Desktop/Uni/Bolsa/gto-wasm-app/gto/src/temp_lower_bound.c:38:47: warning: format specifies type 'long' but the argument has type 'uint64_t' (aka 'unsigned long long') [-Wformat]
   38 |   fprintf(stderr, "Using lower bound: %ld\n", lowerbound);
      |                                       ~~~     ^~~~~~~~~~
      |                                       %llu
1 warning generated.
/home/jake/Desktop/Uni/Bolsa/gto-wasm-app/gto/src/temp_lower_bound.c:38:47: warning: format specifies type 'long' but the argument has type 'uint64_t' (aka 'unsigned long long') [-Wformat]
   38 |   fprintf(stderr, "Using lower bound: %ld\n", lowerbound);
      |                                       ~~~     ^~~~~~~~~~
      |                                       %llu
1 warning generated.
/home/jake/Desktop/Uni/Bolsa/gto-wasm-app/gto/src/temp_lower_bound.c:38:47: warning: format specifies type 'long' but the argument has type 'uint64_t' (aka 'unsigned long long') [-Wformat]
   38 |   fprintf(stderr, "Using lower bound: %ld\n", lowerbound);
      |                                       ~~~     ^~~~~~~~~~
      |                                       %llu
1 warning generated.
/home/jake/Desktop/Uni/Bolsa/gto-wasm-app/gto/src/temp_lower_bound.c:38:47: warning: format specifies type 'long' but the argument has type 'uint64_t' (aka 'unsigned long long') [-Wformat]
   38 |   fprintf(stderr, "Using lower bound: %ld\n", lowerbound);
      |                                       ~~~     ^~~~~~~~~~
      |                                       %llu
1 warning generated.
/home/jake/Desktop/Uni/Bolsa/gto-wasm-app/gto/src/temp_lower_bound.c:38:47: warning: format specifies type 'long' but the argument has type 'uint64_t' (aka 'unsigned long long') [-Wformat]
   38 |   fprintf(stderr, "Using lower bound: %ld\n", lowerbound);
      |                                       ~~~     ^~~~~~~~~~
      |                                       %llu
1 warning generated.
/home/jake/Desktop/Uni/Bolsa/gto-wasm-app/gto/src/temp_lower_bound.c:38:47: warning: format specifies type 'long' but the argument has type 'uint64_t' (aka 'unsigned long long') [-Wformat]
   38 |   fprintf(stderr, "Using lower bound: %ld\n", lowerbound);
      |                                       ~~~     ^~~~~~~~~~
      |                                       %llu
1 warning generated.
/home/jake/Desktop/Uni/Bolsa/gto-wasm-app/gto/src/temp_lower_bound.c:38:47: warning: format specifies type 'long' but the argument has type 'uint64_t' (aka 'unsigned long long') [-Wformat]
   38 |   fprintf(stderr, "Using lower bound: %ld\n", lowerbound);
      |                                       ~~~     ^~~~~~~~~~
      |                                       %llu
1 warning generated.
/home/jake/Desktop/Uni/Bolsa/gto-wasm-app/gto/src/temp_lower_bound.c:38:47: warning: format specifies type 'long' but the argument has type 'uint64_t' (aka 'unsigned long long') [-Wformat]
   38 |   fprintf(stderr, "Using lower bound: %ld\n", lowerbound);
      |                                       ~~~     ^~~~~~~~~~
      |                                       %llu
1 warning generated.
/home/jake/Desktop/Uni/Bolsa/gto-wasm-app/gto/src/temp_lower_bound.c:38:47: warning: format specifies type 'long' but the argument has type 'uint64_t' (aka 'unsigned long long') [-Wformat]
   38 |   fprintf(stderr, "Using lower bound: %ld\n", lowerbound);
      |                                       ~~~     ^~~~~~~~~~
      |                                       %llu
1 warning generated.
/home/jake/Desktop/Uni/Bolsa/gto-wasm-app/gto/src/temp_lower_bound.c:38:47: warning: format specifies type 'long' but the argument has type 'uint64_t' (aka 'unsigned long long') [-Wformat]
   38 |   fprintf(stderr, "Using lower bound: %ld\n", lowerbound);
      |                                       ~~~     ^~~~~~~~~~
      |                                       %llu
1 warning generated.
/home/jake/Desktop/Uni/Bolsa/gto-wasm-app/gto/src/temp_lower_bound.c:38:47: warning: format specifies type 'long' but the argument has type 'uint64_t' (aka 'unsigned long long') [-Wformat]
   38 |   fprintf(stderr, "Using lower bound: %ld\n", lowerbound);
      |                                       ~~~     ^~~~~~~~~~
      |                                       %llu
1 warning generated.
/home/jake/Desktop/Uni/Bolsa/gto-wasm-app/gto/src/temp_lower_bound.c:38:47: warning: format specifies type 'long' but the argument has type 'uint64_t' (aka 'unsigned long long') [-Wformat]
   38 |   fprintf(stderr, "Using lower bound: %ld\n", lowerbound);
      |                                       ~~~     ^~~~~~~~~~
      |                                       %llu
1 warning generated.
/home/jake/Desktop/Uni/Bolsa/gto-wasm-app/gto/src/temp_lower_bound.c:38:47: warning: format specifies type 'long' but the argument has type 'uint64_t' (aka 'unsigned long long') [-Wformat]
   38 |   fprintf(stderr, "Using lower bound: %ld\n", lowerbound);
      |                                       ~~~     ^~~~~~~~~~
      |                                       %llu
1 warning generated.
/home/jake/Desktop/Uni/Bolsa/gto-wasm-app/gto/src/temp_lower_bound.c:38:47: warning: format specifies type 'long' but the argument has type 'uint64_t' (aka 'unsigned long long') [-Wformat]
   38 |   fprintf(stderr, "Using lower bound: %ld\n", lowerbound);
      |                                       ~~~     ^~~~~~~~~~
      |                                       %llu
1 warning generated.
/home/jake/Desktop/Uni/Bolsa/gto-wasm-app/gto/src/temp_lower_bound.c:38:47: warning: format specifies type 'long' but the argument has type 'uint64_t' (aka 'unsigned long long') [-Wformat]
   38 |   fprintf(stderr, "Using lower bound: %ld\n", lowerbound);
      |                                       ~~~     ^~~~~~~~~~
      |                                       %llu
1 warning generated.
/home/jake/Desktop/Uni/Bolsa/gto-wasm-app/gto/src/temp_lower_bound.c:38:47: warning: format specifies type 'long' but the argument has type 'uint64_t' (aka 'unsigned long long') [-Wformat]
   38 |   fprintf(stderr, "Using lower bound: %ld\n", lowerbound);
      |                                       ~~~     ^~~~~~~~~~
      |                                       %llu
1 warning generated.
/home/jake/Desktop/Uni/Bolsa/gto-wasm-app/gto/src/temp_lower_bound.c:38:47: warning: format specifies type 'long' but the argument has type 'uint64_t' (aka 'unsigned long long') [-Wformat]
   38 |   fprintf(stderr, "Using lower bound: %ld\n", lowerbound);
      |                                       ~~~     ^~~~~~~~~~
      |                                       %llu
1 warning generated.
/home/jake/Desktop/Uni/Bolsa/gto-wasm-app/gto/src/temp_lower_bound.c:38:47: warning: format specifies type 'long' but the argument has type 'uint64_t' (aka 'unsigned long long') [-Wformat]
   38 |   fprintf(stderr, "Using lower bound: %ld\n", lowerbound);
      |                                       ~~~     ^~~~~~~~~~
      |                                       %llu
1 warning generated.
/home/jake/Desktop/Uni/Bolsa/gto-wasm-app/gto/src/temp_lower_bound.c:38:47: warning: format specifies type 'long' but the argument has type 'uint64_t' (aka 'unsigned long long') [-Wformat]
   38 |   fprintf(stderr, "Using lower bound: %ld\n", lowerbound);
      |                                       ~~~     ^~~~~~~~~~
      |                                       %llu
1 warning generated.
/home/jake/Desktop/Uni/Bolsa/gto-wasm-app/gto/src/temp_lower_bound.c:38:47: warning: format specifies type 'long' but the argument has type 'uint64_t' (aka 'unsigned long long') [-Wformat]
   38 |   fprintf(stderr, "Using lower bound: %ld\n", lowerbound);
      |                                       ~~~     ^~~~~~~~~~
      |                                       %llu
1 warning generated.
/home/jake/Desktop/Uni/Bolsa/gto-wasm-app/gto/src/temp_lower_bound.c:38:47: warning: format specifies type 'long' but the argument has type 'uint64_t' (aka 'unsigned long long') [-Wformat]
   38 |   fprintf(stderr, "Using lower bound: %ld\n", lowerbound);
      |                                       ~~~     ^~~~~~~~~~
      |                                       %llu
1 warning generated.
/home/jake/Desktop/Uni/Bolsa/gto-wasm-app/gto/src/temp_lower_bound.c:38:47: warning: format specifies type 'long' but the argument has type 'uint64_t' (aka 'unsigned long long') [-Wformat]
   38 |   fprintf(stderr, "Using lower bound: %ld\n", lowerbound);
      |                                       ~~~     ^~~~~~~~~~
      |                                       %llu
1 warning generated.
/home/jake/Desktop/Uni/Bolsa/gto-wasm-app/gto/src/temp_lower_bound.c:38:47: warning: format specifies type 'long' but the argument has type 'uint64_t' (aka 'unsigned long long') [-Wformat]
   38 |   fprintf(stderr, "Using lower bound: %ld\n", lowerbound);
      |                                       ~~~     ^~~~~~~~~~
      |                                       %llu
1 warning generated.
/home/jake/Desktop/Uni/Bolsa/gto-wasm-app/gto/src/temp_lower_bound.c:38:47: warning: format specifies type 'long' but the argument has type 'uint64_t' (aka 'unsigned long long') [-Wformat]
   38 |   fprintf(stderr, "Using lower bound: %ld\n", lowerbound);
      |                                       ~~~     ^~~~~~~~~~
      |                                       %llu
1 warning generated.
/home/jake/Desktop/Uni/Bolsa/gto-wasm-app/gto/src/temp_lower_bound.c:38:47: warning: format specifies type 'long' but the argument has type 'uint64_t' (aka 'unsigned long long') [-Wformat]
   38 |   fprintf(stderr, "Using lower bound: %ld\n", lowerbound);
      |                                       ~~~     ^~~~~~~~~~
      |                                       %llu
1 warning generated.
/home/jake/Desktop/Uni/Bolsa/gto-wasm-app/gto/src/temp_lower_bound.c:38:47: warning: format specifies type 'long' but the argument has type 'uint64_t' (aka 'unsigned long long') [-Wformat]
   38 |   fprintf(stderr, "Using lower bound: %ld\n", lowerbound);
      |                                       ~~~     ^~~~~~~~~~
      |                                       %llu
1 warning generated.
/home/jake/Desktop/Uni/Bolsa/gto-wasm-app/gto/src/temp_lower_bound.c:38:47: warning: format specifies type 'long' but the argument has type 'uint64_t' (aka 'unsigned long long') [-Wformat]
   38 |   fprintf(stderr, "Using lower bound: %ld\n", lowerbound);
      |                                       ~~~     ^~~~~~~~~~
      |                                       %llu
1 warning generated.
/home/jake/Desktop/Uni/Bolsa/gto-wasm-app/gto/src/temp_lower_bound.c:38:47: warning: format specifies type 'long' but the argument has type 'uint64_t' (aka 'unsigned long long') [-Wformat]
   38 |   fprintf(stderr, "Using lower bound: %ld\n", lowerbound);
      |                                       ~~~     ^~~~~~~~~~
      |                                       %llu
1 warning generated.
/home/jake/Desktop/Uni/Bolsa/gto-wasm-app/gto/src/temp_lower_bound.c:38:47: warning: format specifies type 'long' but the argument has type 'uint64_t' (aka 'unsigned long long') [-Wformat]
   38 |   fprintf(stderr, "Using lower bound: %ld\n", lowerbound);
      |                                       ~~~     ^~~~~~~~~~
      |                                       %llu
1 warning generated.
