/home/jake/Desktop/Uni/Bolsa/gto-wasm-app/gto/src/temp_upper_bound.c:38:47: warning: format specifies type 'long' but the argument has type 'uint64_t' (aka 'unsigned long long') [-Wformat]
   38 |   fprintf(stderr, "Using upper bound: %ld\n", upperbound);
      |                                       ~~~     ^~~~~~~~~~
      |                                       %llu
1 warning generated.
/home/jake/Desktop/Uni/Bolsa/gto-wasm-app/gto/src/temp_upper_bound.c:38:47: warning: format specifies type 'long' but the argument has type 'uint64_t' (aka 'unsigned long long') [-Wformat]
   38 |   fprintf(stderr, "Using upper bound: %ld\n", upperbound);
      |                                       ~~~     ^~~~~~~~~~
      |                                       %llu
1 warning generated.
/home/jake/Desktop/Uni/Bolsa/gto-wasm-app/gto/src/temp_upper_bound.c:38:47: warning: format specifies type 'long' but the argument has type 'uint64_t' (aka 'unsigned long long') [-Wformat]
   38 |   fprintf(stderr, "Using upper bound: %ld\n", upperbound);
      |                                       ~~~     ^~~~~~~~~~
      |                                       %llu
1 warning generated.
/home/jake/Desktop/Uni/Bolsa/gto-wasm-app/gto/src/temp_upper_bound.c:38:47: warning: format specifies type 'long' but the argument has type 'uint64_t' (aka 'unsigned long long') [-Wformat]
   38 |   fprintf(stderr, "Using upper bound: %ld\n", upperbound);
      |                                       ~~~     ^~~~~~~~~~
      |                                       %llu
1 warning generated.
/home/jake/Desktop/Uni/Bolsa/gto-wasm-app/gto/src/temp_upper_bound.c:38:47: warning: format specifies type 'long' but the argument has type 'uint64_t' (aka 'unsigned long long') [-Wformat]
   38 |   fprintf(stderr, "Using upper bound: %ld\n", upperbound);
      |                                       ~~~     ^~~~~~~~~~
      |                                       %llu
1 warning generated.
/home/jake/Desktop/Uni/Bolsa/gto-wasm-app/gto/src/temp_upper_bound.c:38:47: warning: format specifies type 'long' but the argument has type 'uint64_t' (aka 'unsigned long long') [-Wformat]
   38 |   fprintf(stderr, "Using upper bound: %ld\n", upperbound);
      |                                       ~~~     ^~~~~~~~~~
      |                                       %llu
1 warning generated.
/home/jake/Desktop/Uni/Bolsa/gto-wasm-app/gto/src/temp_upper_bound.c:38:47: warning: format specifies type 'long' but the argument has type 'uint64_t' (aka 'unsigned long long') [-Wformat]
   38 |   fprintf(stderr, "Using upper bound: %ld\n", upperbound);
      |                                       ~~~     ^~~~~~~~~~
      |                                       %llu
1 warning generated.
/home/jake/Desktop/Uni/Bolsa/gto-wasm-app/gto/src/temp_upper_bound.c:38:47: warning: format specifies type 'long' but the argument has type 'uint64_t' (aka 'unsigned long long') [-Wformat]
   38 |   fprintf(stderr, "Using upper bound: %ld\n", upperbound);
      |                                       ~~~     ^~~~~~~~~~
      |                                       %llu
1 warning generated.
/home/jake/Desktop/Uni/Bolsa/gto-wasm-app/gto/src/temp_upper_bound.c:38:47: warning: format specifies type 'long' but the argument has type 'uint64_t' (aka 'unsigned long long') [-Wformat]
   38 |   fprintf(stderr, "Using upper bound: %ld\n", upperbound);
      |                                       ~~~     ^~~~~~~~~~
      |                                       %llu
1 warning generated.
/home/jake/Desktop/Uni/Bolsa/gto-wasm-app/gto/src/temp_upper_bound.c:38:47: warning: format specifies type 'long' but the argument has type 'uint64_t' (aka 'unsigned long long') [-Wformat]
   38 |   fprintf(stderr, "Using upper bound: %ld\n", upperbound);
      |                                       ~~~     ^~~~~~~~~~
      |                                       %llu
1 warning generated.
/home/jake/Desktop/Uni/Bolsa/gto-wasm-app/gto/src/temp_upper_bound.c:38:47: warning: format specifies type 'long' but the argument has type 'uint64_t' (aka 'unsigned long long') [-Wformat]
   38 |   fprintf(stderr, "Using upper bound: %ld\n", upperbound);
      |                                       ~~~     ^~~~~~~~~~
      |                                       %llu
1 warning generated.
/home/jake/Desktop/Uni/Bolsa/gto-wasm-app/gto/src/temp_upper_bound.c:38:47: warning: format specifies type 'long' but the argument has type 'uint64_t' (aka 'unsigned long long') [-Wformat]
   38 |   fprintf(stderr, "Using upper bound: %ld\n", upperbound);
      |                                       ~~~     ^~~~~~~~~~
      |                                       %llu
1 warning generated.
emcc: error: /home/jake/Desktop/Uni/Bolsa/gto-wasm-app/gto/src/main_wrapper.c: No such file or directory ("/home/jake/Desktop/Uni/Bolsa/gto-wasm-app/gto/src/main_wrapper.c" was expected to be an input file, based on the commandline arguments provided)
/home/jake/Desktop/Uni/Bolsa/gto-wasm-app/gto/src/temp_upper_bound.c:38:47: warning: format specifies type 'long' but the argument has type 'uint64_t' (aka 'unsigned long long') [-Wformat]
   38 |   fprintf(stderr, "Using upper bound: %ld\n", upperbound);
      |                                       ~~~     ^~~~~~~~~~
      |                                       %llu
1 warning generated.
/home/jake/Desktop/Uni/Bolsa/gto-wasm-app/gto/src/main_wrapper.c:6:5: error: second parameter of 'main' (argument array) must be of type 'char **'
    6 | int main(int argc, char argv) {
      |     ^
1 error generated.
emcc: error: '/home/jake/Desktop/Uni/Bolsa/emsdk/upstream/bin/clang -target wasm32-unknown-emscripten -fignore-exceptions -mllvm -combiner-global-alias-analysis=false -mllvm -enable-emscripten-sjlj -mllvm -disable-lsr --sysroot=/home/jake/Desktop/Uni/Bolsa/emsdk/upstream/emscripten/cache/sysroot -DEMSCRIPTEN -Werror=implicit-function-declaration -Xclang -iwithsysroot/include/fakesdl -Xclang -iwithsysroot/include/compat -O3 -Wall -ffast-math -DPROGRESS -DLINUX -I/home/jake/Desktop/Uni/Bolsa/gto-wasm-app/gto/src /home/jake/Desktop/Uni/Bolsa/gto-wasm-app/gto/src/main_wrapper.c -c -o /tmp/emscripten_temp_ktjma_av/main_wrapper_1.o' failed (returned 1)
/home/jake/Desktop/Uni/Bolsa/gto-wasm-app/gto/src/temp_upper_bound.c:38:47: warning: format specifies type 'long' but the argument has type 'uint64_t' (aka 'unsigned long long') [-Wformat]
   38 |   fprintf(stderr, "Using upper bound: %ld\n", upperbound);
      |                                       ~~~     ^~~~~~~~~~
      |                                       %llu
1 warning generated.
/home/jake/Desktop/Uni/Bolsa/gto-wasm-app/gto/src/temp_upper_bound.c:38:47: warning: format specifies type 'long' but the argument has type 'uint64_t' (aka 'unsigned long long') [-Wformat]
   38 |   fprintf(stderr, "Using upper bound: %ld\n", upperbound);
      |                                       ~~~     ^~~~~~~~~~
      |                                       %llu
1 warning generated.
/home/jake/Desktop/Uni/Bolsa/gto-wasm-app/gto/src/temp_upper_bound.c:38:47: warning: format specifies type 'long' but the argument has type 'uint64_t' (aka 'unsigned long long') [-Wformat]
   38 |   fprintf(stderr, "Using upper bound: %ld\n", upperbound);
      |                                       ~~~     ^~~~~~~~~~
      |                                       %llu
1 warning generated.
/home/jake/Desktop/Uni/Bolsa/gto-wasm-app/gto/src/temp_upper_bound.c:38:47: warning: format specifies type 'long' but the argument has type 'uint64_t' (aka 'unsigned long long') [-Wformat]
   38 |   fprintf(stderr, "Using upper bound: %ld\n", upperbound);
      |                                       ~~~     ^~~~~~~~~~
      |                                       %llu
1 warning generated.
/home/jake/Desktop/Uni/Bolsa/gto-wasm-app/gto/src/temp_upper_bound.c:38:47: warning: format specifies type 'long' but the argument has type 'uint64_t' (aka 'unsigned long long') [-Wformat]
   38 |   fprintf(stderr, "Using upper bound: %ld\n", upperbound);
      |                                       ~~~     ^~~~~~~~~~
      |                                       %llu
1 warning generated.
/home/jake/Desktop/Uni/Bolsa/gto-wasm-app/gto/src/temp_upper_bound.c:38:47: warning: format specifies type 'long' but the argument has type 'uint64_t' (aka 'unsigned long long') [-Wformat]
   38 |   fprintf(stderr, "Using upper bound: %ld\n", upperbound);
      |                                       ~~~     ^~~~~~~~~~
      |                                       %llu
1 warning generated.
/home/jake/Desktop/Uni/Bolsa/gto-wasm-app/gto/src/temp_upper_bound.c:38:47: warning: format specifies type 'long' but the argument has type 'uint64_t' (aka 'unsigned long long') [-Wformat]
   38 |   fprintf(stderr, "Using upper bound: %ld\n", upperbound);
      |                                       ~~~     ^~~~~~~~~~
      |                                       %llu
1 warning generated.
/home/jake/Desktop/Uni/Bolsa/gto-wasm-app/gto/src/temp_upper_bound.c:38:47: warning: format specifies type 'long' but the argument has type 'uint64_t' (aka 'unsigned long long') [-Wformat]
   38 |   fprintf(stderr, "Using upper bound: %ld\n", upperbound);
      |                                       ~~~     ^~~~~~~~~~
      |                                       %llu
1 warning generated.
/home/jake/Desktop/Uni/Bolsa/gto-wasm-app/gto/src/temp_upper_bound.c:38:47: warning: format specifies type 'long' but the argument has type 'uint64_t' (aka 'unsigned long long') [-Wformat]
   38 |   fprintf(stderr, "Using upper bound: %ld\n", upperbound);
      |                                       ~~~     ^~~~~~~~~~
      |                                       %llu
1 warning generated.
/home/jake/Desktop/Uni/Bolsa/gto-wasm-app/gto/src/temp_upper_bound.c:38:47: warning: format specifies type 'long' but the argument has type 'uint64_t' (aka 'unsigned long long') [-Wformat]
   38 |   fprintf(stderr, "Using upper bound: %ld\n", upperbound);
      |                                       ~~~     ^~~~~~~~~~
      |                                       %llu
1 warning generated.
cache:INFO: generating system asset: symbol_lists/24852eda8207686eda6426bda3ba307a9af96f60.json... (this will be cached in "/home/jake/Desktop/Uni/Bolsa/emsdk/upstream/emscripten/cache/symbol_lists/24852eda8207686eda6426bda3ba307a9af96f60.json" for subsequent builds)
cache:INFO:  - ok
/home/jake/Desktop/Uni/Bolsa/gto-wasm-app/gto/src/temp_upper_bound.c:38:47: warning: format specifies type 'long' but the argument has type 'uint64_t' (aka 'unsigned long long') [-Wformat]
   38 |   fprintf(stderr, "Using upper bound: %ld\n", upperbound);
      |                                       ~~~     ^~~~~~~~~~
      |                                       %llu
1 warning generated.
cache:INFO: generating system asset: symbol_lists/9168fd720fb6f8aad7741ae00225a113b6db22ca.json... (this will be cached in "/home/jake/Desktop/Uni/Bolsa/emsdk/upstream/emscripten/cache/symbol_lists/9168fd720fb6f8aad7741ae00225a113b6db22ca.json" for subsequent builds)
cache:INFO:  - ok
/home/jake/Desktop/Uni/Bolsa/gto-wasm-app/gto/src/temp_upper_bound.c:38:47: warning: format specifies type 'long' but the argument has type 'uint64_t' (aka 'unsigned long long') [-Wformat]
   38 |   fprintf(stderr, "Using upper bound: %ld\n", upperbound);
      |                                       ~~~     ^~~~~~~~~~
      |                                       %llu
1 warning generated.
/home/jake/Desktop/Uni/Bolsa/gto-wasm-app/gto/src/temp_upper_bound.c:38:47: warning: format specifies type 'long' but the argument has type 'uint64_t' (aka 'unsigned long long') [-Wformat]
   38 |   fprintf(stderr, "Using upper bound: %ld\n", upperbound);
      |                                       ~~~     ^~~~~~~~~~
      |                                       %llu
1 warning generated.
/home/jake/Desktop/Uni/Bolsa/gto-wasm-app/gto/src/temp_upper_bound.c:38:47: warning: format specifies type 'long' but the argument has type 'uint64_t' (aka 'unsigned long long') [-Wformat]
   38 |   fprintf(stderr, "Using upper bound: %ld\n", upperbound);
      |                                       ~~~     ^~~~~~~~~~
      |                                       %llu
1 warning generated.
/home/jake/Desktop/Uni/Bolsa/gto-wasm-app/gto/src/temp_upper_bound.c:38:47: warning: format specifies type 'long' but the argument has type 'uint64_t' (aka 'unsigned long long') [-Wformat]
   38 |   fprintf(stderr, "Using upper bound: %ld\n", upperbound);
      |                                       ~~~     ^~~~~~~~~~
      |                                       %llu
1 warning generated.
/home/jake/Desktop/Uni/Bolsa/gto-wasm-app/gto/src/temp_upper_bound.c:38:47: warning: format specifies type 'long' but the argument has type 'uint64_t' (aka 'unsigned long long') [-Wformat]
   38 |   fprintf(stderr, "Using upper bound: %ld\n", upperbound);
      |                                       ~~~     ^~~~~~~~~~
      |                                       %llu
1 warning generated.
/home/jake/Desktop/Uni/Bolsa/gto-wasm-app/gto/src/temp_upper_bound.c:38:47: warning: format specifies type 'long' but the argument has type 'uint64_t' (aka 'unsigned long long') [-Wformat]
   38 |   fprintf(stderr, "Using upper bound: %ld\n", upperbound);
      |                                       ~~~     ^~~~~~~~~~
      |                                       %llu
1 warning generated.
/home/jake/Desktop/Uni/Bolsa/gto-wasm-app/gto/src/temp_upper_bound.c:38:47: warning: format specifies type 'long' but the argument has type 'uint64_t' (aka 'unsigned long long') [-Wformat]
   38 |   fprintf(stderr, "Using upper bound: %ld\n", upperbound);
      |                                       ~~~     ^~~~~~~~~~
      |                                       %llu
1 warning generated.
cache:INFO: generating system asset: symbol_lists/137d1b076e36cb2cf691785af2414fbaa0119f95.json... (this will be cached in "/home/jake/Desktop/Uni/Bolsa/emsdk/upstream/emscripten/cache/symbol_lists/137d1b076e36cb2cf691785af2414fbaa0119f95.json" for subsequent builds)
cache:INFO:  - ok
/home/jake/Desktop/Uni/Bolsa/gto-wasm-app/gto/src/temp_upper_bound.c:38:47: warning: format specifies type 'long' but the argument has type 'uint64_t' (aka 'unsigned long long') [-Wformat]
   38 |   fprintf(stderr, "Using upper bound: %ld\n", upperbound);
      |                                       ~~~     ^~~~~~~~~~
      |                                       %llu
1 warning generated.
/home/jake/Desktop/Uni/Bolsa/gto-wasm-app/gto/src/temp_upper_bound.c:38:47: warning: format specifies type 'long' but the argument has type 'uint64_t' (aka 'unsigned long long') [-Wformat]
   38 |   fprintf(stderr, "Using upper bound: %ld\n", upperbound);
      |                                       ~~~     ^~~~~~~~~~
      |                                       %llu
1 warning generated.
/home/jake/Desktop/Uni/Bolsa/gto-wasm-app/gto/src/temp_upper_bound.c:38:47: warning: format specifies type 'long' but the argument has type 'uint64_t' (aka 'unsigned long long') [-Wformat]
   38 |   fprintf(stderr, "Using upper bound: %ld\n", upperbound);
      |                                       ~~~     ^~~~~~~~~~
      |                                       %llu
1 warning generated.
/home/jake/Desktop/Uni/Bolsa/gto-wasm-app/gto/src/temp_upper_bound.c:38:47: warning: format specifies type 'long' but the argument has type 'uint64_t' (aka 'unsigned long long') [-Wformat]
   38 |   fprintf(stderr, "Using upper bound: %ld\n", upperbound);
      |                                       ~~~     ^~~~~~~~~~
      |                                       %llu
1 warning generated.
/home/jake/Desktop/Uni/Bolsa/gto-wasm-app/gto/src/temp_upper_bound.c:38:47: warning: format specifies type 'long' but the argument has type 'uint64_t' (aka 'unsigned long long') [-Wformat]
   38 |   fprintf(stderr, "Using upper bound: %ld\n", upperbound);
      |                                       ~~~     ^~~~~~~~~~
      |                                       %llu
1 warning generated.
/home/jake/Desktop/Uni/Bolsa/gto-wasm-app/gto/src/temp_upper_bound.c:38:47: warning: format specifies type 'long' but the argument has type 'uint64_t' (aka 'unsigned long long') [-Wformat]
   38 |   fprintf(stderr, "Using upper bound: %ld\n", upperbound);
      |                                       ~~~     ^~~~~~~~~~
      |                                       %llu
1 warning generated.
/home/jake/Desktop/Uni/Bolsa/gto-wasm-app/gto/src/temp_upper_bound.c:38:47: warning: format specifies type 'long' but the argument has type 'uint64_t' (aka 'unsigned long long') [-Wformat]
   38 |   fprintf(stderr, "Using upper bound: %ld\n", upperbound);
      |                                       ~~~     ^~~~~~~~~~
      |                                       %llu
1 warning generated.
/home/jake/Desktop/Uni/Bolsa/gto-wasm-app/gto/src/temp_upper_bound.c:38:47: warning: format specifies type 'long' but the argument has type 'uint64_t' (aka 'unsigned long long') [-Wformat]
   38 |   fprintf(stderr, "Using upper bound: %ld\n", upperbound);
      |                                       ~~~     ^~~~~~~~~~
      |                                       %llu
1 warning generated.
/home/jake/Desktop/Uni/Bolsa/gto-wasm-app/gto/src/temp_upper_bound.c:38:47: warning: format specifies type 'long' but the argument has type 'uint64_t' (aka 'unsigned long long') [-Wformat]
   38 |   fprintf(stderr, "Using upper bound: %ld\n", upperbound);
      |                                       ~~~     ^~~~~~~~~~
      |                                       %llu
1 warning generated.
/home/jake/Desktop/Uni/Bolsa/gto-wasm-app/gto/src/temp_upper_bound.c:38:47: warning: format specifies type 'long' but the argument has type 'uint64_t' (aka 'unsigned long long') [-Wformat]
   38 |   fprintf(stderr, "Using upper bound: %ld\n", upperbound);
      |                                       ~~~     ^~~~~~~~~~
      |                                       %llu
1 warning generated.
/home/jake/Desktop/Uni/Bolsa/gto-wasm-app/gto/src/temp_upper_bound.c:38:47: warning: format specifies type 'long' but the argument has type 'uint64_t' (aka 'unsigned long long') [-Wformat]
   38 |   fprintf(stderr, "Using upper bound: %ld\n", upperbound);
      |                                       ~~~     ^~~~~~~~~~
      |                                       %llu
1 warning generated.
/home/jake/Desktop/Uni/Bolsa/gto-wasm-app/gto/src/temp_upper_bound.c:38:47: warning: format specifies type 'long' but the argument has type 'uint64_t' (aka 'unsigned long long') [-Wformat]
   38 |   fprintf(stderr, "Using upper bound: %ld\n", upperbound);
      |                                       ~~~     ^~~~~~~~~~
      |                                       %llu
1 warning generated.
/home/jake/Desktop/Uni/Bolsa/gto-wasm-app/gto/src/temp_upper_bound.c:38:47: warning: format specifies type 'long' but the argument has type 'uint64_t' (aka 'unsigned long long') [-Wformat]
   38 |   fprintf(stderr, "Using upper bound: %ld\n", upperbound);
      |                                       ~~~     ^~~~~~~~~~
      |                                       %llu
1 warning generated.
/home/jake/Desktop/Uni/Bolsa/gto-wasm-app/gto/src/temp_upper_bound.c:38:47: warning: format specifies type 'long' but the argument has type 'uint64_t' (aka 'unsigned long long') [-Wformat]
   38 |   fprintf(stderr, "Using upper bound: %ld\n", upperbound);
      |                                       ~~~     ^~~~~~~~~~
      |                                       %llu
1 warning generated.
/home/jake/Desktop/Uni/Bolsa/gto-wasm-app/gto/src/temp_upper_bound.c:38:47: warning: format specifies type 'long' but the argument has type 'uint64_t' (aka 'unsigned long long') [-Wformat]
   38 |   fprintf(stderr, "Using upper bound: %ld\n", upperbound);
      |                                       ~~~     ^~~~~~~~~~
      |                                       %llu
1 warning generated.
/home/jake/Desktop/Uni/Bolsa/gto-wasm-app/gto/src/temp_upper_bound.c:38:47: warning: format specifies type 'long' but the argument has type 'uint64_t' (aka 'unsigned long long') [-Wformat]
   38 |   fprintf(stderr, "Using upper bound: %ld\n", upperbound);
      |                                       ~~~     ^~~~~~~~~~
      |                                       %llu
1 warning generated.
/home/jake/Desktop/Uni/Bolsa/gto-wasm-app/gto/src/temp_upper_bound.c:38:47: warning: format specifies type 'long' but the argument has type 'uint64_t' (aka 'unsigned long long') [-Wformat]
   38 |   fprintf(stderr, "Using upper bound: %ld\n", upperbound);
      |                                       ~~~     ^~~~~~~~~~
      |                                       %llu
1 warning generated.
/home/jake/Desktop/Uni/Bolsa/gto-wasm-app/gto/src/temp_upper_bound.c:38:47: warning: format specifies type 'long' but the argument has type 'uint64_t' (aka 'unsigned long long') [-Wformat]
   38 |   fprintf(stderr, "Using upper bound: %ld\n", upperbound);
      |                                       ~~~     ^~~~~~~~~~
      |                                       %llu
1 warning generated.
/home/jake/Desktop/Uni/Bolsa/gto-wasm-app/gto/src/temp_upper_bound.c:38:47: warning: format specifies type 'long' but the argument has type 'uint64_t' (aka 'unsigned long long') [-Wformat]
   38 |   fprintf(stderr, "Using upper bound: %ld\n", upperbound);
      |                                       ~~~     ^~~~~~~~~~
      |                                       %llu
1 warning generated.
/home/jake/Desktop/Uni/Bolsa/gto-wasm-app/gto/src/temp_upper_bound.c:38:47: warning: format specifies type 'long' but the argument has type 'uint64_t' (aka 'unsigned long long') [-Wformat]
   38 |   fprintf(stderr, "Using upper bound: %ld\n", upperbound);
      |                                       ~~~     ^~~~~~~~~~
      |                                       %llu
1 warning generated.
/home/jake/Desktop/Uni/Bolsa/gto-wasm-app/gto/src/temp_upper_bound.c:38:47: warning: format specifies type 'long' but the argument has type 'uint64_t' (aka 'unsigned long long') [-Wformat]
   38 |   fprintf(stderr, "Using upper bound: %ld\n", upperbound);
      |                                       ~~~     ^~~~~~~~~~
      |                                       %llu
1 warning generated.
/home/jake/Desktop/Uni/Bolsa/gto-wasm-app/gto/src/temp_upper_bound.c:38:47: warning: format specifies type 'long' but the argument has type 'uint64_t' (aka 'unsigned long long') [-Wformat]
   38 |   fprintf(stderr, "Using upper bound: %ld\n", upperbound);
      |                                       ~~~     ^~~~~~~~~~
      |                                       %llu
1 warning generated.
/home/jake/Desktop/Uni/Bolsa/gto-wasm-app/gto/src/temp_upper_bound.c:38:47: warning: format specifies type 'long' but the argument has type 'uint64_t' (aka 'unsigned long long') [-Wformat]
   38 |   fprintf(stderr, "Using upper bound: %ld\n", upperbound);
      |                                       ~~~     ^~~~~~~~~~
      |                                       %llu
1 warning generated.
/home/jake/Desktop/Uni/Bolsa/gto-wasm-app/gto/src/temp_upper_bound.c:38:47: warning: format specifies type 'long' but the argument has type 'uint64_t' (aka 'unsigned long long') [-Wformat]
   38 |   fprintf(stderr, "Using upper bound: %ld\n", upperbound);
      |                                       ~~~     ^~~~~~~~~~
      |                                       %llu
1 warning generated.
/home/jake/Desktop/Uni/Bolsa/gto-wasm-app/gto/src/temp_upper_bound.c:38:47: warning: format specifies type 'long' but the argument has type 'uint64_t' (aka 'unsigned long long') [-Wformat]
   38 |   fprintf(stderr, "Using upper bound: %ld\n", upperbound);
      |                                       ~~~     ^~~~~~~~~~
      |                                       %llu
1 warning generated.
/home/jake/Desktop/Uni/Bolsa/gto-wasm-app/gto/src/temp_upper_bound.c:38:47: warning: format specifies type 'long' but the argument has type 'uint64_t' (aka 'unsigned long long') [-Wformat]
   38 |   fprintf(stderr, "Using upper bound: %ld\n", upperbound);
      |                                       ~~~     ^~~~~~~~~~
      |                                       %llu
1 warning generated.
/home/jake/Desktop/Uni/Bolsa/gto-wasm-app/gto/src/temp_upper_bound.c:38:47: warning: format specifies type 'long' but the argument has type 'uint64_t' (aka 'unsigned long long') [-Wformat]
   38 |   fprintf(stderr, "Using upper bound: %ld\n", upperbound);
      |                                       ~~~     ^~~~~~~~~~
      |                                       %llu
1 warning generated.
/home/jake/Desktop/Uni/Bolsa/gto-wasm-app/gto/src/temp_upper_bound.c:38:47: warning: format specifies type 'long' but the argument has type 'uint64_t' (aka 'unsigned long long') [-Wformat]
   38 |   fprintf(stderr, "Using upper bound: %ld\n", upperbound);
      |                                       ~~~     ^~~~~~~~~~
      |                                       %llu
1 warning generated.
/home/jake/Desktop/Uni/Bolsa/gto-wasm-app/gto/src/temp_upper_bound.c:38:47: warning: format specifies type 'long' but the argument has type 'uint64_t' (aka 'unsigned long long') [-Wformat]
   38 |   fprintf(stderr, "Using upper bound: %ld\n", upperbound);
      |                                       ~~~     ^~~~~~~~~~
      |                                       %llu
1 warning generated.
/home/jake/Desktop/Uni/Bolsa/gto-wasm-app/gto/src/temp_upper_bound.c:38:47: warning: format specifies type 'long' but the argument has type 'uint64_t' (aka 'unsigned long long') [-Wformat]
   38 |   fprintf(stderr, "Using upper bound: %ld\n", upperbound);
      |                                       ~~~     ^~~~~~~~~~
      |                                       %llu
1 warning generated.
/home/jake/Desktop/Uni/Bolsa/gto-wasm-app/gto/src/temp_upper_bound.c:38:47: warning: format specifies type 'long' but the argument has type 'uint64_t' (aka 'unsigned long long') [-Wformat]
   38 |   fprintf(stderr, "Using upper bound: %ld\n", upperbound);
      |                                       ~~~     ^~~~~~~~~~
      |                                       %llu
1 warning generated.
/home/jake/Desktop/Uni/Bolsa/gto-wasm-app/gto/src/temp_upper_bound.c:38:47: warning: format specifies type 'long' but the argument has type 'uint64_t' (aka 'unsigned long long') [-Wformat]
   38 |   fprintf(stderr, "Using upper bound: %ld\n", upperbound);
      |                                       ~~~     ^~~~~~~~~~
      |                                       %llu
1 warning generated.
/home/jake/Desktop/Uni/Bolsa/gto-wasm-app/gto/src/temp_upper_bound.c:38:47: warning: format specifies type 'long' but the argument has type 'uint64_t' (aka 'unsigned long long') [-Wformat]
   38 |   fprintf(stderr, "Using upper bound: %ld\n", upperbound);
      |                                       ~~~     ^~~~~~~~~~
      |                                       %llu
1 warning generated.
/home/jake/Desktop/Uni/Bolsa/gto-wasm-app/gto/src/temp_upper_bound.c:38:47: warning: format specifies type 'long' but the argument has type 'uint64_t' (aka 'unsigned long long') [-Wformat]
   38 |   fprintf(stderr, "Using upper bound: %ld\n", upperbound);
      |                                       ~~~     ^~~~~~~~~~
      |                                       %llu
1 warning generated.
/home/jake/Desktop/Uni/Bolsa/gto-wasm-app/gto/src/temp_upper_bound.c:38:47: warning: format specifies type 'long' but the argument has type 'uint64_t' (aka 'unsigned long long') [-Wformat]
   38 |   fprintf(stderr, "Using upper bound: %ld\n", upperbound);
      |                                       ~~~     ^~~~~~~~~~
      |                                       %llu
1 warning generated.
/home/jake/Desktop/Uni/Bolsa/gto-wasm-app/gto/src/temp_upper_bound.c:38:47: warning: format specifies type 'long' but the argument has type 'uint64_t' (aka 'unsigned long long') [-Wformat]
   38 |   fprintf(stderr, "Using upper bound: %ld\n", upperbound);
      |                                       ~~~     ^~~~~~~~~~
      |                                       %llu
1 warning generated.
/home/jake/Desktop/Uni/Bolsa/gto-wasm-app/gto/src/temp_upper_bound.c:38:47: warning: format specifies type 'long' but the argument has type 'uint64_t' (aka 'unsigned long long') [-Wformat]
   38 |   fprintf(stderr, "Using upper bound: %ld\n", upperbound);
      |                                       ~~~     ^~~~~~~~~~
      |                                       %llu
1 warning generated.
/home/jake/Desktop/Uni/Bolsa/gto-wasm-app/gto/src/temp_upper_bound.c:38:47: warning: format specifies type 'long' but the argument has type 'uint64_t' (aka 'unsigned long long') [-Wformat]
   38 |   fprintf(stderr, "Using upper bound: %ld\n", upperbound);
      |                                       ~~~     ^~~~~~~~~~
      |                                       %llu
1 warning generated.
/home/jake/Desktop/Uni/Bolsa/gto-wasm-app/gto/src/temp_upper_bound.c:38:47: warning: format specifies type 'long' but the argument has type 'uint64_t' (aka 'unsigned long long') [-Wformat]
   38 |   fprintf(stderr, "Using upper bound: %ld\n", upperbound);
      |                                       ~~~     ^~~~~~~~~~
      |                                       %llu
1 warning generated.
/home/jake/Desktop/Uni/Bolsa/gto-wasm-app/gto/src/temp_upper_bound.c:38:47: warning: format specifies type 'long' but the argument has type 'uint64_t' (aka 'unsigned long long') [-Wformat]
   38 |   fprintf(stderr, "Using upper bound: %ld\n", upperbound);
      |                                       ~~~     ^~~~~~~~~~
      |                                       %llu
1 warning generated.
/home/jake/Desktop/Uni/Bolsa/gto-wasm-app/gto/src/temp_upper_bound.c:38:47: warning: format specifies type 'long' but the argument has type 'uint64_t' (aka 'unsigned long long') [-Wformat]
   38 |   fprintf(stderr, "Using upper bound: %ld\n", upperbound);
      |                                       ~~~     ^~~~~~~~~~
      |                                       %llu
1 warning generated.
/home/jake/Desktop/Uni/Bolsa/gto-wasm-app/gto/src/temp_upper_bound.c:38:47: warning: format specifies type 'long' but the argument has type 'uint64_t' (aka 'unsigned long long') [-Wformat]
   38 |   fprintf(stderr, "Using upper bound: %ld\n", upperbound);
      |                                       ~~~     ^~~~~~~~~~
      |                                       %llu
1 warning generated.
